#
# A fatal error has been detected by the Java Runtime Environment:
#
#  SIGSEGV (0xb) at pc=0x000000010aca34b3, pid=15251, tid=11267
#
# JRE version: Java(TM) SE Runtime Environment (8.0_45-b14) (build 1.8.0_45-b14)
# Java VM: Java HotSpot(TM) 64-Bit Server VM (25.45-b02 mixed mode bsd-amd64 compressed oops)
# Problematic frame:
# V  [libjvm.dylib+0x4a34b3]  PSParallelCompact::IsAliveClosure::do_object_b(oopDesc*)+0x2d
#
# Failed to write core dump. Core dumps have been disabled. To enable core dumping, try "ulimit -c unlimited" before starting Java again
#
# If you would like to submit a bug report, please visit:
#   http://bugreport.java.com/bugreport/crash.jsp
#

---------------  T H R E A D  ---------------

Current thread (0x00007faf7a012000):  VMThread [stack: 0x0000700000629000,0x0000700000729000] [id=11267]

siginfo: si_signo: 11 (SIGSEGV), si_code: 0 (unknown), si_addr: 0x0000000000000000

Registers:
RAX=0x03ffffffe2000000, RBX=0x000000011d3a03f0, RCX=0x000000011ae80000, RDX=0x0000000000000000
RSP=0x00007000007283a0, RBP=0x00007000007283a0, RSI=0x1fffffff10000000, RDI=0x000000010b0c2760
R8 =0x00000000fffffffc, R9 =0x000000010b00dcc8, R10=0x00000000ffffffff, R11=0xffffffff00000000
R12=0x000000011d3a0278, R13=0x000000011d3a03a8, R14=0x0000000000000000, R15=0x000000010b0c2760
RIP=0x000000010aca34b3, EFLAGS=0x0000000000010206, ERR=0x0000000000000000
  TRAPNO=0x000000000000000d

Top of Stack: (sp=0x00007000007283a0)
0x00007000007283a0:   00007000007283b0 000000010ab98321
0x00007000007283b0:   00007000007284f0 000000010ac38e9c
0x00007000007283c0:   0000700000728420 000000010a8a2ab4
0x00007000007283d0:   0000000000000000 00007faf803ed000
0x00007000007283e0:   0000000109bf7000 0000000000000ff8
0x00007000007283f0:   0000700000728420 00007fff9ed235b1
0x0000700000728400:   0000000000007fe8 00007faf7e28aa00
0x0000700000728410:   0000000000000000 0000000000007fd8
0x0000700000728420:   0000700000728470 000000010a8a2120
0x0000700000728430:   0000000000000000 0000700000728498
0x0000700000728440:   0000700000728480 000000010ac68ff8
0x0000700000728450:   0000000000000010 00007faf7e28aa00
0x0000700000728460:   00007faf79413fa0 0000000000007fd8
0x0000700000728470:   0000700000728480 000000010ab98321
0x0000700000728480:   00007000007284c0 000000010ac37d55
0x0000700000728490:   00007000007284c0 000000010ac38cd4
0x00007000007284a0:   00000007c0022e60 000000010b0c2760
0x00007000007284b0:   000000011d3a0278 000000010b0c2760
0x00007000007284c0:   00007000007284f0 000000010b0c2760
0x00007000007284d0:   00000007c0022e60 00000007c0381f28
0x00007000007284e0:   00000007c0023048 0000000000000007
0x00007000007284f0:   0000700000728520 000000010aaaeb00
0x0000700000728500:   0000700000728520 000000010b0c2760
0x0000700000728510:   0000700000728540 00000007c0023048
0x0000700000728520:   00007000007285b0 000000010ab98ea5
0x0000700000728530:   000000010b0ac7d0 00000001007284c0
0x0000700000728540:   000000010b00a920 00000000000001fe
0x0000700000728550:   ffffffffffffff00 0000000000000004
0x0000700000728560:   00000000000001d7 0000000000000000
0x0000700000728570:   0000000000000000 00007faf809cde00
0x0000700000728580:   0000000000000000 0000700000728690
0x0000700000728590:   0000000000000000 00007faf803ed000 

Instructions: (pc=0x000000010aca34b3)
0x000000010aca3493:   48 2b 35 06 f3 41 00 48 c1 ee 03 48 d3 ee 48 89
0x000000010aca34a3:   f0 48 83 e0 c0 48 c1 e8 03 48 8b 0d 1d f3 41 00
0x000000010aca34b3:   48 8b 04 01 48 0f a3 f0 0f 92 c0 0f b6 c0 5d c3
0x000000010aca34c3:   90 55 48 89 e5 48 8b 06 48 8b 80 68 01 00 00 48 

Register to memory mapping:

RAX=0x03ffffffe2000000 is an unknown value
RBX=0x000000011d3a03f0 is pointing into metadata
RCX=0x000000011ae80000 is an unknown value
RDX=0x0000000000000000 is an unknown value
RSP=0x00007000007283a0 is an unknown value
RBP=0x00007000007283a0 is an unknown value
RSI=0x1fffffff10000000 is an unknown value
RDI=0x000000010b0c2760: _ZN17PSParallelCompact17_is_alive_closureE+0 in /Library/Java/JavaVirtualMachines/jdk1.8.0_45.jdk/Contents/Home/jre/lib/server/libjvm.dylib at 0x000000010a800000
R8 =0x00000000fffffffc is an unknown value
R9 =0x000000010b00dcc8: _ZL8tc_mutex+0x18 in /Library/Java/JavaVirtualMachines/jdk1.8.0_45.jdk/Contents/Home/jre/lib/server/libjvm.dylib at 0x000000010a800000
R10=0x00000000ffffffff is an unknown value
R11=0xffffffff00000000 is an unknown value
R12=0x000000011d3a0278 is pointing into metadata
R13=0x000000011d3a03a8 is pointing into metadata
R14=0x0000000000000000 is an unknown value
R15=0x000000010b0c2760: _ZN17PSParallelCompact17_is_alive_closureE+0 in /Library/Java/JavaVirtualMachines/jdk1.8.0_45.jdk/Contents/Home/jre/lib/server/libjvm.dylib at 0x000000010a800000


Stack: [0x0000700000629000,0x0000700000729000],  sp=0x00007000007283a0,  free space=1020k
Native frames: (J=compiled Java code, j=interpreted, Vv=VM code, C=native code)
V  [libjvm.dylib+0x4a34b3]  PSParallelCompact::IsAliveClosure::do_object_b(oopDesc*)+0x2d
V  [libjvm.dylib+0x398321]  Klass::is_loader_alive(BoolObjectClosure*)+0x13
V  [libjvm.dylib+0x438e9c]  MethodData::clean_extra_data(BoolObjectClosure*)+0xc6
V  [libjvm.dylib+0x2aeb00]  InstanceKlass::clean_method_data(BoolObjectClosure*)+0x38
V  [libjvm.dylib+0x398ea5]  Klass::clean_weak_klass_links(BoolObjectClosure*, bool)+0x137
V  [libjvm.dylib+0x4a5e7b]  PSParallelCompact::marking_phase(ParCompactionManager*, bool, ParallelOldTracer*)+0x547
V  [libjvm.dylib+0x4a7388]  PSParallelCompact::invoke_no_policy(bool)+0x454
V  [libjvm.dylib+0x4a799b]  PSParallelCompact::invoke(bool)+0x57
V  [libjvm.dylib+0x198682]  CollectedHeap::collect_as_vm_thread(GCCause::Cause)+0x5e
V  [libjvm.dylib+0x58f4aa]  VM_CollectForMetadataAllocation::doit()+0xb0
V  [libjvm.dylib+0x595f7d]  VM_Operation::evaluate()+0x4f
V  [libjvm.dylib+0x5945e9]  VMThread::evaluate_operation(VM_Operation*)+0xdf
V  [libjvm.dylib+0x594a36]  VMThread::loop()+0x328
V  [libjvm.dylib+0x594355]  VMThread::run()+0x79
V  [libjvm.dylib+0x46ea7e]  java_start(Thread*)+0xf6
C  [libsystem_pthread.dylib+0x3c13]  _pthread_body+0x83
C  [libsystem_pthread.dylib+0x3b90]  _pthread_body+0x0
C  [libsystem_pthread.dylib+0x1375]  thread_start+0xd

VM_Operation (0x0000700001aec4c8): CollectForMetadataAllocation, mode: safepoint, requested by thread 0x00007faf7a371800


---------------  P R O C E S S  ---------------

Java Threads: ( => current thread )
  0x00007faf7a64e800 JavaThread "RMI TCP Connection(5)-192.168.43.119" daemon [_thread_blocked, id=39051, stack(0x0000700002103000,0x0000700002203000)]
  0x00007faf7a371800 JavaThread "*** Profiler Agent Special Execution Thread 2" daemon [_thread_blocked, id=67647, stack(0x00007000019ee000,0x0000700001aee000)]
  0x00007faf7a200000 JavaThread "process reaper" daemon [_thread_blocked, id=38847, stack(0x0000700001250000,0x0000700001278000)]
  0x00007faf80ad7000 JavaThread "*** Profiler Agent Special Execution Thread 6" daemon [_thread_blocked, id=71739, stack(0x0000700002000000,0x0000700002100000)]
  0x00007faf809ed000 JavaThread "*** JFluid Monitor thread ***" daemon [_thread_blocked, id=66587, stack(0x0000700001efd000,0x0000700001ffd000)]
  0x00007faf7ab40000 JavaThread "*** Profiler Agent Communication Thread" daemon [_thread_in_native, id=69155, stack(0x0000700001cf7000,0x0000700001df7000)]
  0x00007faf7fea0000 JavaThread "RMI TCP Connection(3)-192.168.43.119" daemon [_thread_blocked, id=13595, stack(0x000070000114d000,0x000070000124d000)]
  0x00007faf7ae97000 JavaThread "Timer-1" daemon [_thread_blocked, id=67075, stack(0x0000700001dfa000,0x0000700001efa000)]
  0x00007faf7ab3b000 JavaThread "JMX server connection timeout 25" daemon [_thread_blocked, id=66051, stack(0x0000700001bf4000,0x0000700001cf4000)]
  0x00007faf7ab3a800 JavaThread "RMI Scheduler(0)" daemon [_thread_blocked, id=64831, stack(0x0000700001af1000,0x0000700001bf1000)]
  0x00007faf7a14e000 JavaThread "RMI TCP Accept-0" daemon [_thread_in_native, id=13323, stack(0x0000700001765000,0x0000700001865000)]
  0x00007faf7a1e7800 JavaThread "Attach Listener" daemon [_thread_blocked, id=12835, stack(0x0000700000932000,0x0000700000a32000)]
  0x00007faf7a2de800 JavaThread "TimerQueue" daemon [_thread_blocked, id=61195, stack(0x0000700001868000,0x0000700001968000)]
  0x00007faf7a246000 JavaThread "Java2D Queue Flusher" daemon [_thread_blocked, id=56583, stack(0x0000700001662000,0x0000700001762000)]
  0x00007faf7a9ac000 JavaThread "Java2D Disposer" daemon [_thread_blocked, id=50435, stack(0x000070000155f000,0x000070000165f000)]
  0x00007faf7a1f5000 JavaThread "DestroyJavaVM" [_thread_blocked, id=5891, stack(0x000070000011a000,0x000070000021a000)]
  0x00007faf7a9c4800 JavaThread "AWT-EventQueue-0" [_thread_blocked, id=44303, stack(0x000070000145c000,0x000070000155c000)]
  0x00007faf7b087800 JavaThread "AWT-Shutdown" [_thread_blocked, id=29207, stack(0x00007000012d6000,0x00007000013d6000)]
  0x00007faf7a961800 JavaThread "AppKit Thread" daemon [_thread_in_native, id=2571, stack(0x00007fff55824000,0x00007fff56024000)]
  0x00007faf7a94b000 JavaThread "Timer-0" daemon [_thread_blocked, id=19715, stack(0x000070000104a000,0x000070000114a000)]
  0x00007faf7a86c800 JavaThread "Service Thread" daemon [_thread_blocked, id=18691, stack(0x0000700000e44000,0x0000700000f44000)]
  0x00007faf7a021000 JavaThread "C1 CompilerThread2" daemon [_thread_blocked, id=18179, stack(0x0000700000d41000,0x0000700000e41000)]
  0x00007faf7a01e000 JavaThread "C2 CompilerThread1" daemon [_thread_blocked, id=17667, stack(0x0000700000c3e000,0x0000700000d3e000)]
  0x00007faf7a831800 JavaThread "C2 CompilerThread0" daemon [_thread_blocked, id=17155, stack(0x0000700000b3b000,0x0000700000c3b000)]
  0x00007faf7a830800 JavaThread "Signal Dispatcher" daemon [_thread_blocked, id=13839, stack(0x0000700000a38000,0x0000700000b38000)]
  0x00007faf79814000 JavaThread "Finalizer" daemon [_thread_blocked, id=12291, stack(0x000070000082f000,0x000070000092f000)]
  0x00007faf7a014800 JavaThread "Reference Handler" daemon [_thread_blocked, id=11779, stack(0x000070000072c000,0x000070000082c000)]

Other Threads:
=>0x00007faf7a012000 VMThread [stack: 0x0000700000629000,0x0000700000729000] [id=11267]
  0x00007faf7a86d000 WatcherThread [stack: 0x0000700000f47000,0x0000700001047000] [id=19203]

VM state:at safepoint (normal execution)

VM Mutex/Monitor currently owned by a thread:  ([mutex/lock_event])
[0x00007faf79502880] Threads_lock - owner thread: 0x00007faf7a012000
[0x00007faf79502d80] Heap_lock - owner thread: 0x00007faf7a371800

Heap:
 PSYoungGen      total 279040K, used 53125K [0x00000007aab00000, 0x00000007c0000000, 0x00000007c0000000)
  eden space 225280K, 0% used [0x00000007aab00000,0x00000007aab00000,0x00000007b8700000)
  from space 53760K, 98% used [0x00000007bcb80000,0x00000007bff615c8,0x00000007c0000000)
  to   space 61952K, 0% used [0x00000007b8700000,0x00000007b8700000,0x00000007bc380000)
 ParOldGen       total 274432K, used 201362K [0x0000000780000000, 0x0000000790c00000, 0x00000007aab00000)
  object space 274432K, 73% used [0x0000000780000000,0x000000078c4a4a58,0x0000000790c00000)
 Metaspace       used 72055K, capacity 72830K, committed 72960K, reserved 1116160K
  class space    used 6444K, capacity 6817K, committed 6912K, reserved 1048576K

Card table byte_map: [0x000000011ab29000,0x000000011ad2a000] byte_map_base: 0x0000000116f29000

Marking Bits: (ParMarkBitMap*) 0x000000010b0c27a0
 Begin Bits: [0x000000011ae80000, 0x000000011be80000)
 End Bits:   [0x000000011be80000, 0x000000011ce80000)

Polling page: 0x0000000109e9f000

CodeCache: size=245760Kb used=7460Kb max_used=30838Kb free=238299Kb
 bounds [0x000000010b769000, 0x000000010d5c9000, 0x000000011a769000]
 total_blobs=2769 nmethods=2045 adapters=634
 compilation: enabled

Compilation events (10 events):
Event: 291.713 Thread 0x00007faf7a831800 nmethod 12164 0x000000010d2dd950 code [0x000000010d2ddae0, 0x000000010d2ddf48]
Event: 291.716 Thread 0x00007faf7a01e000 nmethod 12161 0x000000010d28fc50 code [0x000000010d28fde0, 0x000000010d2907f8]
Event: 293.339 Thread 0x00007faf7a831800 12165   !   4       java.util.concurrent.ConcurrentHashMap::putVal (362 bytes)
Event: 293.365 Thread 0x00007faf7a831800 nmethod 12165 0x000000010d2d3b90 code [0x000000010d2d3d80, 0x000000010d2d4be0]
Event: 295.378 Thread 0x00007faf7a01e000 12166       4       java.io.ObjectInputStream$BlockDataInputStream::peek (55 bytes)
Event: 295.380 Thread 0x00007faf7a01e000 nmethod 12166 0x000000010d2abbd0 code [0x000000010d2abd20, 0x000000010d2abdf8]
Event: 295.381 Thread 0x00007faf7a831800 12167       4       com.sun.jmx.mbeanserver.DefaultMXBeanMappingFactory$ArrayMapping::toNonNullOpenValue (64 bytes)
Event: 295.387 Thread 0x00007faf7a021000 12168       3       java.security.Permission::<init> (10 bytes)
Event: 295.387 Thread 0x00007faf7a021000 nmethod 12168 0x000000010d2b9ed0 code [0x000000010d2ba040, 0x000000010d2ba210]
Event: 297.350 Thread 0x00007faf7a831800 nmethod 12167 0x000000010b8d6810 code [0x000000010b8d6b80, 0x000000010b8d9330]

GC Heap History (10 events):
Event: 61.521 GC heap after
Heap after GC invocations=27 (full 5):
 PSYoungGen      total 301056K, used 12446K [0x00000007aab00000, 0x00000007c0000000, 0x00000007c0000000)
  eden space 250880K, 0% used [0x00000007aab00000,0x00000007aab00000,0x00000007ba000000)
  from space 50176K, 24% used [0x00000007bcf00000,0x00000007bdb27ba0,0x00000007c0000000)
  to   space 48128K, 0% used [0x00000007ba000000,0x00000007ba000000,0x00000007bcf00000)
 ParOldGen       total 274432K, used 201338K [0x0000000780000000, 0x0000000790c00000, 0x00000007aab00000)
  object space 274432K, 73% used [0x0000000780000000,0x000000078c49ea58,0x0000000790c00000)
 Metaspace       used 43263K, capacity 43946K, committed 44288K, reserved 1089536K
  class space    used 4636K, capacity 4782K, committed 4864K, reserved 1048576K
}
Event: 68.679 GC heap before
{Heap before GC invocations=28 (full 5):
 PSYoungGen      total 301056K, used 263326K [0x00000007aab00000, 0x00000007c0000000, 0x00000007c0000000)
  eden space 250880K, 100% used [0x00000007aab00000,0x00000007ba000000,0x00000007ba000000)
  from space 50176K, 24% used [0x00000007bcf00000,0x00000007bdb27ba0,0x00000007c0000000)
  to   space 48128K, 0% used [0x00000007ba000000,0x00000007ba000000,0x00000007bcf00000)
 ParOldGen       total 274432K, used 201338K [0x0000000780000000, 0x0000000790c00000, 0x00000007aab00000)
  object space 274432K, 73% used [0x0000000780000000,0x000000078c49ea58,0x0000000790c00000)
 Metaspace       used 43355K, capacity 44042K, committed 44288K, reserved 1089536K
  class space    used 4644K, capacity 4814K, committed 4864K, reserved 1048576K
Event: 68.724 GC heap after
Heap after GC invocations=28 (full 5):
 PSYoungGen      total 264704K, used 13599K [0x00000007aab00000, 0x00000007bfb00000, 0x00000007c0000000)
  eden space 250880K, 0% used [0x00000007aab00000,0x00000007aab00000,0x00000007ba000000)
  from space 13824K, 98% used [0x00000007ba000000,0x00000007bad47c30,0x00000007bad80000)
  to   space 46592K, 0% used [0x00000007bcd80000,0x00000007bcd80000,0x00000007bfb00000)
 ParOldGen       total 274432K, used 201346K [0x0000000780000000, 0x0000000790c00000, 0x00000007aab00000)
  object space 274432K, 73% used [0x0000000780000000,0x000000078c4a0a58,0x0000000790c00000)
 Metaspace       used 43355K, capacity 44042K, committed 44288K, reserved 1089536K
  class space    used 4644K, capacity 4814K, committed 4864K, reserved 1048576K
}
Event: 96.667 GC heap before
{Heap before GC invocations=29 (full 5):
 PSYoungGen      total 264704K, used 264479K [0x00000007aab00000, 0x00000007bfb00000, 0x00000007c0000000)
  eden space 250880K, 100% used [0x00000007aab00000,0x00000007ba000000,0x00000007ba000000)
  from space 13824K, 98% used [0x00000007ba000000,0x00000007bad47c30,0x00000007bad80000)
  to   space 46592K, 0% used [0x00000007bcd80000,0x00000007bcd80000,0x00000007bfb00000)
 ParOldGen       total 274432K, used 201346K [0x0000000780000000, 0x0000000790c00000, 0x00000007aab00000)
  object space 274432K, 73% used [0x0000000780000000,0x000000078c4a0a58,0x0000000790c00000)
 Metaspace       used 45150K, capacity 45862K, committed 46080K, reserved 1089536K
  class space    used 4907K, capacity 5076K, committed 5120K, reserved 1048576K
Event: 96.724 GC heap after
Heap after GC invocations=29 (full 5):
 PSYoungGen      total 296960K, used 27785K [0x00000007aab00000, 0x00000007c0000000, 0x00000007c0000000)
  eden space 250368K, 0% used [0x00000007aab00000,0x00000007aab00000,0x00000007b9f80000)
  from space 46592K, 59% used [0x00000007bcd80000,0x00000007be8a2580,0x00000007bfb00000)
  to   space 47104K, 0% used [0x00000007b9f80000,0x00000007b9f80000,0x00000007bcd80000)
 ParOldGen       total 274432K, used 201354K [0x0000000780000000, 0x0000000790c00000, 0x00000007aab00000)
  object space 274432K, 73% used [0x0000000780000000,0x000000078c4a2a58,0x0000000790c00000)
 Metaspace       used 45150K, capacity 45862K, committed 46080K, reserved 1089536K
  class space    used 4907K, capacity 5076K, committed 5120K, reserved 1048576K
}
Event: 279.488 GC heap before
{Heap before GC invocations=30 (full 5):
 PSYoungGen      total 296960K, used 278153K [0x00000007aab00000, 0x00000007c0000000, 0x00000007c0000000)
  eden space 250368K, 100% used [0x00000007aab00000,0x00000007b9f80000,0x00000007b9f80000)
  from space 46592K, 59% used [0x00000007bcd80000,0x00000007be8a2580,0x00000007bfb00000)
  to   space 47104K, 0% used [0x00000007b9f80000,0x00000007b9f80000,0x00000007bcd80000)
 ParOldGen       total 274432K, used 201354K [0x0000000780000000, 0x0000000790c00000, 0x00000007aab00000)
  object space 274432K, 73% used [0x0000000780000000,0x000000078c4a2a58,0x0000000790c00000)
 Metaspace       used 54767K, capacity 55486K, committed 55808K, reserved 1099776K
  class space    used 5725K, capacity 6049K, committed 6144K, reserved 1048576K
Event: 279.749 GC heap after
Heap after GC invocations=30 (full 5):
 PSYoungGen      total 295424K, used 45047K [0x00000007aab00000, 0x00000007c0000000, 0x00000007c0000000)
  eden space 250368K, 0% used [0x00000007aab00000,0x00000007aab00000,0x00000007b9f80000)
  from space 45056K, 99% used [0x00000007b9f80000,0x00000007bcb7df68,0x00000007bcb80000)
  to   space 53760K, 0% used [0x00000007bcb80000,0x00000007bcb80000,0x00000007c0000000)
 ParOldGen       total 274432K, used 201362K [0x0000000780000000, 0x0000000790c00000, 0x00000007aab00000)
  object space 274432K, 73% used [0x0000000780000000,0x000000078c4a4a58,0x0000000790c00000)
 Metaspace       used 54767K, capacity 55486K, committed 55808K, reserved 1099776K
  class space    used 5725K, capacity 6049K, committed 6144K, reserved 1048576K
}
Event: 297.355 GC heap before
{Heap before GC invocations=31 (full 5):
 PSYoungGen      total 295424K, used 60451K [0x00000007aab00000, 0x00000007c0000000, 0x00000007c0000000)
  eden space 250368K, 6% used [0x00000007aab00000,0x00000007aba0af58,0x00000007b9f80000)
  from space 45056K, 99% used [0x00000007b9f80000,0x00000007bcb7df68,0x00000007bcb80000)
  to   space 53760K, 0% used [0x00000007bcb80000,0x00000007bcb80000,0x00000007c0000000)
 ParOldGen       total 274432K, used 201362K [0x0000000780000000, 0x0000000790c00000, 0x00000007aab00000)
  object space 274432K, 73% used [0x0000000780000000,0x000000078c4a4a58,0x0000000790c00000)
 Metaspace       used 72055K, capacity 72830K, committed 72960K, reserved 1116160K
  class space    used 6444K, capacity 6817K, committed 6912K, reserved 1048576K
Event: 297.481 GC heap after
Heap after GC invocations=31 (full 5):
 PSYoungGen      total 279040K, used 53125K [0x00000007aab00000, 0x00000007c0000000, 0x00000007c0000000)
  eden space 225280K, 0% used [0x00000007aab00000,0x00000007aab00000,0x00000007b8700000)
  from space 53760K, 98% used [0x00000007bcb80000,0x00000007bff615c8,0x00000007c0000000)
  to   space 61952K, 0% used [0x00000007b8700000,0x00000007b8700000,0x00000007bc380000)
 ParOldGen       total 274432K, used 201362K [0x0000000780000000, 0x0000000790c00000, 0x00000007aab00000)
  object space 274432K, 73% used [0x0000000780000000,0x000000078c4a4a58,0x0000000790c00000)
 Metaspace       used 72055K, capacity 72830K, committed 72960K, reserved 1116160K
  class space    used 6444K, capacity 6817K, committed 6912K, reserved 1048576K
}
Event: 297.481 GC heap before
{Heap before GC invocations=32 (full 6):
 PSYoungGen      total 279040K, used 53125K [0x00000007aab00000, 0x00000007c0000000, 0x00000007c0000000)
  eden space 225280K, 0% used [0x00000007aab00000,0x00000007aab00000,0x00000007b8700000)
  from space 53760K, 98% used [0x00000007bcb80000,0x00000007bff615c8,0x00000007c0000000)
  to   space 61952K, 0% used [0x00000007b8700000,0x00000007b8700000,0x00000007bc380000)
 ParOldGen       total 274432K, used 201362K [0x0000000780000000, 0x0000000790c00000, 0x00000007aab00000)
  object space 274432K, 73% used [0x0000000780000000,0x000000078c4a4a58,0x0000000790c00000)
 Metaspace       used 72055K, capacity 72830K, committed 72960K, reserved 1116160K
  class space    used 6444K, capacity 6817K, committed 6912K, reserved 1048576K

Deoptimization events (10 events):
Event: 263.095 Thread 0x00007faf7ab40000 Uncommon trap: reason=bimorphic action=maybe_recompile pc=0x000000010c170738 method=java.io.ObjectInputStream$PeekInputStream.peek()I @ 19
Event: 263.097 Thread 0x00007faf7ab40000 Uncommon trap: reason=bimorphic action=maybe_recompile pc=0x000000010c80b144 method=java.io.ObjectInputStream$PeekInputStream.peek()I @ 19
Event: 263.098 Thread 0x00007faf7ab40000 Uncommon trap: reason=class_check action=maybe_recompile pc=0x000000010c641a90 method=java.io.ObjectInputStream$PeekInputStream.read([BII)I @ 50
Event: 263.328 Thread 0x00007faf7ab40000 Uncommon trap: reason=bimorphic action=maybe_recompile pc=0x000000010c4e13d8 method=java.io.ObjectInputStream$PeekInputStream.read()I @ 23
Event: 263.328 Thread 0x00007faf7ab40000 Uncommon trap: reason=bimorphic action=maybe_recompile pc=0x000000010c4e13d8 method=java.io.ObjectInputStream$PeekInputStream.read()I @ 23
Event: 269.584 Thread 0x00007faf7a371800 Uncommon trap: reason=unstable_if action=reinterpret pc=0x000000010d3cf7bc method=javax.swing.RepaintManager.addDirtyRegion0(Ljava/awt/Container;IIII)V @ 151
Event: 269.819 Thread 0x00007faf7a371800 Uncommon trap: reason=unstable_if action=reinterpret pc=0x000000010d3b53e0 method=sun.awt.PostEventQueue.flush()V @ 23
Event: 270.437 Thread 0x00007faf7a371800 Uncommon trap: reason=unstable_if action=reinterpret pc=0x000000010d25bcb8 method=java.util.concurrent.locks.LockSupport.unpark(Ljava/lang/Thread;)V @ 1
Event: 270.541 Thread 0x00007faf7a9c4800 Uncommon trap: reason=unstable_if action=reinterpret pc=0x000000010d47f2a0 method=sun.awt.PostEventQueue.flush()V @ 23
Event: 273.894 Thread 0x00007faf7a371800 Uncommon trap: reason=unstable_if action=reinterpret pc=0x000000010b8ebd14 method=java.util.concurrent.locks.AbstractQueuedSynchronizer.unparkSuccessor(Ljava/util/concurrent/locks/AbstractQueuedSynchronizer$Node;)V @ 22

Internal exceptions (10 events):
Event: 61.795 Thread 0x00007faf7a9c4800 Exception <a 'java/io/IOException'> (0x00000007abcb7238) thrown at [/Users/java_re/workspace/8-2-build-macosx-x86_64/jdk8u45/3457/hotspot/src/share/vm/prims/jni.cpp, line 709]
Event: 86.537 Thread 0x00007faf7a9c4800 Implicit null exception at 0x000000010c6b0ef7 to 0x000000010c6b12c9
Event: 86.614 Thread 0x00007faf7a9c4800 Exception <a 'java/lang/NullPointerException'> (0x00000007b84d3af0) thrown at [/Users/java_re/workspace/8-2-build-macosx-x86_64/jdk8u45/3457/hotspot/src/share/vm/prims/jni.cpp, line 735]
Event: 96.728 Thread 0x00007faf79814000 Exception <a 'java/lang/NullPointerException'> (0x00000007ab0e17a0) thrown at [/Users/java_re/workspace/8-2-build-macosx-x86_64/jdk8u45/3457/hotspot/src/share/vm/interpreter/linkResolver.cpp, line 1178]
Event: 96.728 Thread 0x00007faf79814000 Exception <a 'java/lang/NullPointerException'> (0x00000007ab0e1950) thrown at [/Users/java_re/workspace/8-2-build-macosx-x86_64/jdk8u45/3457/hotspot/src/share/vm/interpreter/linkResolver.cpp, line 1178]
Event: 118.132 Thread 0x00007faf7a9c4800 Implicit null exception at 0x000000010d125970 to 0x000000010d125b89
Event: 128.131 Thread 0x00007faf7a9c4800 Implicit null exception at 0x000000010bf2fbc3 to 0x000000010bf30a25
Event: 128.332 Thread 0x00007faf7a9c4800 Implicit null exception at 0x000000010d099bf5 to 0x000000010d09ab95
Event: 128.366 Thread 0x00007faf7a9c4800 Implicit null exception at 0x000000010ce669dc to 0x000000010ce66ac6
Event: 273.894 Thread 0x00007faf7a371800 Implicit null exception at 0x000000010b8ebc8e to 0x000000010b8ebcff

Events (10 events):
Event: 293.338 Executing VM operation: ThreadDump done
Event: 293.422 Executing VM operation: RedefineClasses
Event: 295.366 Executing VM operation: RedefineClasses done
Event: 295.379 Executing VM operation: ThreadDump
Event: 295.380 Executing VM operation: ThreadDump done
Event: 295.387 Executing VM operation: FindDeadlocks
Event: 295.388 Executing VM operation: FindDeadlocks done
Event: 295.455 Executing VM operation: RedefineClasses
Event: 297.345 Executing VM operation: RedefineClasses done
Event: 297.355 Executing VM operation: CollectForMetadataAllocation


Dynamic libraries:
0x000000000b71c000 	/System/Library/Frameworks/Cocoa.framework/Versions/A/Cocoa
0x000000000b71c000 	/System/Library/Frameworks/Security.framework/Versions/A/Security
0x000000000b71c000 	/System/Library/Frameworks/ApplicationServices.framework/Versions/A/ApplicationServices
0x000000000b71c000 	/usr/lib/libz.1.dylib
0x000000000b71c000 	/usr/lib/libSystem.B.dylib
0x000000000b71c000 	/usr/lib/libobjc.A.dylib
0x000000000b71c000 	/System/Library/Frameworks/CoreFoundation.framework/Versions/A/CoreFoundation
0x000000000b71c000 	/System/Library/Frameworks/Foundation.framework/Versions/C/Foundation
0x000000000b71c000 	/System/Library/Frameworks/AppKit.framework/Versions/C/AppKit
0x000000000b71c000 	/System/Library/Frameworks/CoreData.framework/Versions/A/CoreData
0x000000000b71c000 	/System/Library/PrivateFrameworks/RemoteViewServices.framework/Versions/A/RemoteViewServices
0x000000000b71c000 	/System/Library/PrivateFrameworks/UIFoundation.framework/Versions/A/UIFoundation
0x000000000b71c000 	/usr/lib/libScreenReader.dylib
0x000000000b71c000 	/System/Library/Frameworks/Accelerate.framework/Versions/A/Accelerate
0x000000000b71c000 	/System/Library/Frameworks/IOSurface.framework/Versions/A/IOSurface
0x000000000b71c000 	/System/Library/Frameworks/AudioToolbox.framework/Versions/A/AudioToolbox
0x000000000b71c000 	/System/Library/Frameworks/AudioUnit.framework/Versions/A/AudioUnit
0x000000000b71c000 	/System/Library/PrivateFrameworks/DataDetectorsCore.framework/Versions/A/DataDetectorsCore
0x000000000b71c000 	/System/Library/PrivateFrameworks/DesktopServicesPriv.framework/Versions/A/DesktopServicesPriv
0x000000000b71c000 	/System/Library/Frameworks/Carbon.framework/Versions/A/Frameworks/HIToolbox.framework/Versions/A/HIToolbox
0x000000000b71c000 	/System/Library/Frameworks/QuartzCore.framework/Versions/A/QuartzCore
0x000000000b71c000 	/System/Library/Frameworks/Carbon.framework/Versions/A/Frameworks/SpeechRecognition.framework/Versions/A/SpeechRecognition
0x000000000b71c000 	/usr/lib/libauto.dylib
0x000000000b71c000 	/usr/lib/libicucore.A.dylib
0x000000000b71c000 	/usr/lib/libxml2.2.dylib
0x000000000b71c000 	/System/Library/PrivateFrameworks/CoreUI.framework/Versions/A/CoreUI
0x000000000b71c000 	/System/Library/Frameworks/CoreAudio.framework/Versions/A/CoreAudio
0x000000000b71c000 	/System/Library/Frameworks/DiskArbitration.framework/Versions/A/DiskArbitration
0x000000000b71c000 	/usr/lib/liblangid.dylib
0x000000000b71c000 	/System/Library/PrivateFrameworks/MultitouchSupport.framework/Versions/A/MultitouchSupport
0x000000000b71c000 	/System/Library/Frameworks/IOKit.framework/Versions/A/IOKit
0x000000000b71c000 	/usr/lib/libDiagnosticMessagesClient.dylib
0x000000000b71c000 	/System/Library/Frameworks/CoreServices.framework/Versions/A/CoreServices
0x000000000b71c000 	/System/Library/PrivateFrameworks/PerformanceAnalysis.framework/Versions/A/PerformanceAnalysis
0x000000000b71c000 	/System/Library/PrivateFrameworks/GenerationalStorage.framework/Versions/A/GenerationalStorage
0x000000000b71c000 	/System/Library/Frameworks/OpenGL.framework/Versions/A/OpenGL
0x000000000b71c000 	/System/Library/PrivateFrameworks/Sharing.framework/Versions/A/Sharing
0x000000000b71c000 	/System/Library/Frameworks/CoreGraphics.framework/Versions/A/CoreGraphics
0x000000000b71c000 	/System/Library/Frameworks/CoreImage.framework/Versions/A/CoreImage
0x000000000b71c000 	/System/Library/Frameworks/CoreText.framework/Versions/A/CoreText
0x000000000b71c000 	/System/Library/Frameworks/ImageIO.framework/Versions/A/ImageIO
0x000000000b71c000 	/System/Library/PrivateFrameworks/Backup.framework/Versions/A/Backup
0x000000000b71c000 	/usr/lib/libextension.dylib
0x000000000b71c000 	/usr/lib/libarchive.2.dylib
0x000000000b71c000 	/System/Library/Frameworks/CFNetwork.framework/Versions/A/CFNetwork
0x000000000b71c000 	/System/Library/Frameworks/SystemConfiguration.framework/Versions/A/SystemConfiguration
0x000000000b71c000 	/usr/lib/libCRFSuite.dylib
0x000000000b71c000 	/usr/lib/libc++.1.dylib
0x000000000b71c000 	/usr/lib/libc++abi.dylib
0x000000000b71c000 	/usr/lib/system/libcache.dylib
0x000000000b71c000 	/usr/lib/system/libcommonCrypto.dylib
0x000000000b71c000 	/usr/lib/system/libcompiler_rt.dylib
0x000000000b71c000 	/usr/lib/system/libcopyfile.dylib
0x000000000b71c000 	/usr/lib/system/libcorecrypto.dylib
0x000000000b71c000 	/usr/lib/system/libdispatch.dylib
0x000000000b71c000 	/usr/lib/system/libdyld.dylib
0x000000000b71c000 	/usr/lib/system/libkeymgr.dylib
0x000000000b71c000 	/usr/lib/system/liblaunch.dylib
0x000000000b71c000 	/usr/lib/system/libmacho.dylib
0x000000000b71c000 	/usr/lib/system/libquarantine.dylib
0x000000000b71c000 	/usr/lib/system/libremovefile.dylib
0x000000000b71c000 	/usr/lib/system/libsystem_asl.dylib
0x000000000b71c000 	/usr/lib/system/libsystem_blocks.dylib
0x000000000b71c000 	/usr/lib/system/libsystem_c.dylib
0x000000000b71c000 	/usr/lib/system/libsystem_configuration.dylib
0x000000000b71c000 	/usr/lib/system/libsystem_coreservices.dylib
0x000000000b71c000 	/usr/lib/system/libsystem_coretls.dylib
0x000000000b71c000 	/usr/lib/system/libsystem_dnssd.dylib
0x000000000b71c000 	/usr/lib/system/libsystem_info.dylib
0x000000000b71c000 	/usr/lib/system/libsystem_kernel.dylib
0x000000000b71c000 	/usr/lib/system/libsystem_m.dylib
0x000000000b71c000 	/usr/lib/system/libsystem_malloc.dylib
0x000000000b71c000 	/usr/lib/system/libsystem_network.dylib
0x000000000b71c000 	/usr/lib/system/libsystem_networkextension.dylib
0x000000000b71c000 	/usr/lib/system/libsystem_notify.dylib
0x000000000b71c000 	/usr/lib/system/libsystem_platform.dylib
0x000000000b71c000 	/usr/lib/system/libsystem_pthread.dylib
0x000000000b71c000 	/usr/lib/system/libsystem_sandbox.dylib
0x000000000b71c000 	/usr/lib/system/libsystem_secinit.dylib
0x000000000b71c000 	/usr/lib/system/libsystem_trace.dylib
0x000000000b71c000 	/usr/lib/system/libunc.dylib
0x000000000b71c000 	/usr/lib/system/libunwind.dylib
0x000000000b71c000 	/usr/lib/system/libxpc.dylib
0x000000000b71c000 	/usr/lib/libenergytrace.dylib
0x000000000b71c000 	/usr/lib/libbsm.0.dylib
0x000000000b71c000 	/usr/lib/system/libkxld.dylib
0x000000000b71c000 	/usr/lib/libxar.1.dylib
0x000000000b71c000 	/usr/lib/libsqlite3.dylib
0x000000000b71c000 	/usr/lib/libpam.2.dylib
0x000000000b71c000 	/usr/lib/libOpenScriptingUtil.dylib
0x000000000b71c000 	/usr/lib/libbz2.1.0.dylib
0x000000000b71c000 	/usr/lib/liblzma.5.dylib
0x000000000b71c000 	/System/Library/Frameworks/CoreServices.framework/Versions/A/Frameworks/FSEvents.framework/Versions/A/FSEvents
0x000000000b71c000 	/System/Library/Frameworks/CoreServices.framework/Versions/A/Frameworks/CarbonCore.framework/Versions/A/CarbonCore
0x000000000b71c000 	/System/Library/Frameworks/CoreServices.framework/Versions/A/Frameworks/Metadata.framework/Versions/A/Metadata
0x000000000b71c000 	/System/Library/Frameworks/CoreServices.framework/Versions/A/Frameworks/OSServices.framework/Versions/A/OSServices
0x000000000b71c000 	/System/Library/Frameworks/CoreServices.framework/Versions/A/Frameworks/SearchKit.framework/Versions/A/SearchKit
0x000000000b71c000 	/System/Library/Frameworks/CoreServices.framework/Versions/A/Frameworks/AE.framework/Versions/A/AE
0x000000000b71c000 	/System/Library/Frameworks/CoreServices.framework/Versions/A/Frameworks/LaunchServices.framework/Versions/A/LaunchServices
0x000000000b71c000 	/System/Library/Frameworks/CoreServices.framework/Versions/A/Frameworks/DictionaryServices.framework/Versions/A/DictionaryServices
0x000000000b71c000 	/System/Library/Frameworks/CoreServices.framework/Versions/A/Frameworks/SharedFileList.framework/Versions/A/SharedFileList
0x000000000b71c000 	/System/Library/Frameworks/NetFS.framework/Versions/A/NetFS
0x000000000b71c000 	/System/Library/PrivateFrameworks/NetAuth.framework/Versions/A/NetAuth
0x000000000b71c000 	/System/Library/PrivateFrameworks/login.framework/Versions/A/Frameworks/loginsupport.framework/Versions/A/loginsupport
0x000000000b71c000 	/System/Library/PrivateFrameworks/TCC.framework/Versions/A/TCC
0x000000000b71c000 	/usr/lib/libmecabra.dylib
0x000000000b71c000 	/System/Library/Frameworks/ApplicationServices.framework/Versions/A/Frameworks/ATS.framework/Versions/A/ATS
0x000000000b71c000 	/System/Library/Frameworks/ApplicationServices.framework/Versions/A/Frameworks/ColorSync.framework/Versions/A/ColorSync
0x000000000b71c000 	/System/Library/Frameworks/ApplicationServices.framework/Versions/A/Frameworks/HIServices.framework/Versions/A/HIServices
0x000000000b71c000 	/System/Library/Frameworks/ApplicationServices.framework/Versions/A/Frameworks/LangAnalysis.framework/Versions/A/LangAnalysis
0x000000000b71c000 	/System/Library/Frameworks/ApplicationServices.framework/Versions/A/Frameworks/PrintCore.framework/Versions/A/PrintCore
0x000000000b71c000 	/System/Library/Frameworks/ApplicationServices.framework/Versions/A/Frameworks/QD.framework/Versions/A/QD
0x000000000b71c000 	/System/Library/Frameworks/ApplicationServices.framework/Versions/A/Frameworks/SpeechSynthesis.framework/Versions/A/SpeechSynthesis
0x000000000b71c000 	/System/Library/Frameworks/Metal.framework/Versions/A/Metal
0x000000000b71c000 	/System/Library/Frameworks/Accelerate.framework/Versions/A/Frameworks/vImage.framework/Versions/A/vImage
0x000000000b71c000 	/System/Library/Frameworks/Accelerate.framework/Versions/A/Frameworks/vecLib.framework/Versions/A/vecLib
0x000000000b71c000 	/System/Library/Frameworks/Accelerate.framework/Versions/A/Frameworks/vecLib.framework/Versions/A/libvDSP.dylib
0x000000000b71c000 	/System/Library/Frameworks/Accelerate.framework/Versions/A/Frameworks/vecLib.framework/Versions/A/libvMisc.dylib
0x000000000b71c000 	/System/Library/Frameworks/Accelerate.framework/Versions/A/Frameworks/vecLib.framework/Versions/A/libLAPACK.dylib
0x000000000b71c000 	/System/Library/Frameworks/Accelerate.framework/Versions/A/Frameworks/vecLib.framework/Versions/A/libBLAS.dylib
0x000000000b71c000 	/System/Library/Frameworks/Accelerate.framework/Versions/A/Frameworks/vecLib.framework/Versions/A/libLinearAlgebra.dylib
0x000000000b71c000 	/System/Library/Frameworks/Accelerate.framework/Versions/A/Frameworks/vecLib.framework/Versions/A/libSparseBLAS.dylib
0x000000000b71c000 	/System/Library/PrivateFrameworks/GPUCompiler.framework/libmetal_timestamp.dylib
0x000000000b71c000 	/System/Library/Frameworks/OpenGL.framework/Versions/A/Libraries/libCoreFSCache.dylib
0x000000000b71c000 	/System/Library/PrivateFrameworks/IOAccelerator.framework/Versions/A/IOAccelerator
0x000000000b71c000 	/System/Library/Frameworks/ApplicationServices.framework/Versions/A/Frameworks/ATS.framework/Versions/A/Resources/libFontParser.dylib
0x000000000b71c000 	/System/Library/Frameworks/ApplicationServices.framework/Versions/A/Frameworks/ATS.framework/Versions/A/Resources/libFontRegistry.dylib
0x000000000b71c000 	/System/Library/PrivateFrameworks/AppleVPA.framework/Versions/A/AppleVPA
0x000000000b71c000 	/System/Library/PrivateFrameworks/AppleJPEG.framework/Versions/A/AppleJPEG
0x000000000b71c000 	/System/Library/Frameworks/ImageIO.framework/Versions/A/Resources/libJPEG.dylib
0x000000000b71c000 	/System/Library/Frameworks/ImageIO.framework/Versions/A/Resources/libTIFF.dylib
0x000000000b71c000 	/System/Library/Frameworks/ImageIO.framework/Versions/A/Resources/libPng.dylib
0x000000000b71c000 	/System/Library/Frameworks/ImageIO.framework/Versions/A/Resources/libGIF.dylib
0x000000000b71c000 	/System/Library/Frameworks/ImageIO.framework/Versions/A/Resources/libJP2.dylib
0x000000000b71c000 	/System/Library/Frameworks/ImageIO.framework/Versions/A/Resources/libRadiance.dylib
0x000000000b71c000 	/System/Library/Frameworks/CoreVideo.framework/Versions/A/CoreVideo
0x000000000b71c000 	/System/Library/Frameworks/OpenGL.framework/Versions/A/Libraries/libGLU.dylib
0x000000000b71c000 	/System/Library/Frameworks/OpenGL.framework/Versions/A/Libraries/libGFXShared.dylib
0x000000000b71c000 	/System/Library/Frameworks/OpenGL.framework/Versions/A/Libraries/libGL.dylib
0x000000000b71c000 	/System/Library/Frameworks/OpenGL.framework/Versions/A/Libraries/libGLImage.dylib
0x000000000b71c000 	/System/Library/Frameworks/OpenGL.framework/Versions/A/Libraries/libCVMSPluginSupport.dylib
0x000000000b71c000 	/System/Library/Frameworks/OpenGL.framework/Versions/A/Libraries/libCoreVMClient.dylib
0x000000000b71c000 	/usr/lib/libcups.2.dylib
0x000000000b71c000 	/System/Library/Frameworks/Kerberos.framework/Versions/A/Kerberos
0x000000000b71c000 	/System/Library/Frameworks/GSS.framework/Versions/A/GSS
0x000000000b71c000 	/usr/lib/libresolv.9.dylib
0x000000000b71c000 	/usr/lib/libiconv.2.dylib
0x000000000b71c000 	/System/Library/PrivateFrameworks/Heimdal.framework/Versions/A/Heimdal
0x000000000b71c000 	/usr/lib/libheimdal-asn1.dylib
0x000000000b71c000 	/System/Library/Frameworks/OpenDirectory.framework/Versions/A/OpenDirectory
0x000000000b71c000 	/System/Library/PrivateFrameworks/CommonAuth.framework/Versions/A/CommonAuth
0x000000000b71c000 	/System/Library/Frameworks/OpenDirectory.framework/Versions/A/Frameworks/CFOpenDirectory.framework/Versions/A/CFOpenDirectory
0x000000000b71c000 	/System/Library/Frameworks/SecurityFoundation.framework/Versions/A/SecurityFoundation
0x000000000b71c000 	/System/Library/PrivateFrameworks/LanguageModeling.framework/Versions/A/LanguageModeling
0x000000000b71c000 	/usr/lib/libmarisa.dylib
0x000000000b71c000 	/usr/lib/libChineseTokenizer.dylib
0x000000000b71c000 	/usr/lib/libcmph.dylib
0x000000000b71c000 	/usr/lib/libcompression.dylib
0x000000000b71c000 	/System/Library/Frameworks/ServiceManagement.framework/Versions/A/ServiceManagement
0x000000000b71c000 	/usr/lib/libxslt.1.dylib
0x000000000b71c000 	/System/Library/Frameworks/Carbon.framework/Versions/A/Frameworks/Ink.framework/Versions/A/Ink
0x000000000b71c000 	/usr/lib/libFosl_dynamic.dylib
0x000000000b71c000 	/System/Library/PrivateFrameworks/FaceCore.framework/Versions/A/FaceCore
0x000000000b71c000 	/System/Library/Frameworks/OpenCL.framework/Versions/A/OpenCL
0x000000000b71c000 	/System/Library/PrivateFrameworks/CrashReporterSupport.framework/Versions/A/CrashReporterSupport
0x000000000b71c000 	/System/Library/PrivateFrameworks/IconServices.framework/Versions/A/IconServices
0x000000000b71c000 	/System/Library/PrivateFrameworks/Apple80211.framework/Versions/A/Apple80211
0x000000000b71c000 	/System/Library/Frameworks/CoreWLAN.framework/Versions/A/CoreWLAN
0x000000000b71c000 	/System/Library/Frameworks/IOBluetooth.framework/Versions/A/IOBluetooth
0x000000000b71c000 	/System/Library/PrivateFrameworks/CoreWiFi.framework/Versions/A/CoreWiFi
0x000000000b71c000 	/System/Library/Frameworks/CoreBluetooth.framework/Versions/A/CoreBluetooth
0x000000000b71c000 	/System/Library/PrivateFrameworks/ChunkingLibrary.framework/Versions/A/ChunkingLibrary
0x000000000b71c000 	/System/Library/PrivateFrameworks/DebugSymbols.framework/Versions/A/DebugSymbols
0x000000000b71c000 	/System/Library/PrivateFrameworks/CoreSymbolication.framework/Versions/A/CoreSymbolication
0x000000000b71c000 	/System/Library/PrivateFrameworks/Symbolication.framework/Versions/A/Symbolication
0x000000000b71c000 	/System/Library/PrivateFrameworks/SpeechRecognitionCore.framework/Versions/A/SpeechRecognitionCore
0x000000010a800000 	/Library/Java/JavaVirtualMachines/jdk1.8.0_45.jdk/Contents/Home/jre/lib/server/libjvm.dylib
0x000000000b71c000 	/usr/lib/libstdc++.6.dylib
0x0000000109e5c000 	/Library/Java/JavaVirtualMachines/jdk1.8.0_45.jdk/Contents/Home/jre/lib/libverify.dylib
0x0000000109e6a000 	/Library/Java/JavaVirtualMachines/jdk1.8.0_45.jdk/Contents/Home/jre/lib/libjava.dylib
0x0000000109ea9000 	/Library/Java/JavaVirtualMachines/jdk1.8.0_45.jdk/Contents/Home/jre/lib/libzip.dylib
0x000000011ea15000 	/System/Library/Frameworks/JavaVM.framework/Frameworks/JavaRuntimeSupport.framework/JavaRuntimeSupport
0x000000011ea30000 	/System/Library/Frameworks/JavaVM.framework/Versions/A/Frameworks/JavaNativeFoundation.framework/Versions/A/JavaNativeFoundation
0x000000011ea45000 	/System/Library/Frameworks/JavaVM.framework/Versions/A/JavaVM
0x000000000b71c000 	/System/Library/Frameworks/Carbon.framework/Versions/A/Carbon
0x000000011ea52000 	/System/Library/PrivateFrameworks/JavaLaunching.framework/Versions/A/JavaLaunching
0x000000000b71c000 	/System/Library/Frameworks/Carbon.framework/Versions/A/Frameworks/CommonPanels.framework/Versions/A/CommonPanels
0x000000000b71c000 	/System/Library/Frameworks/Carbon.framework/Versions/A/Frameworks/Help.framework/Versions/A/Help
0x000000000b71c000 	/System/Library/Frameworks/Carbon.framework/Versions/A/Frameworks/ImageCapture.framework/Versions/A/ImageCapture
0x000000000b71c000 	/System/Library/Frameworks/Carbon.framework/Versions/A/Frameworks/OpenScripting.framework/Versions/A/OpenScripting
0x000000000b71c000 	/System/Library/Frameworks/Carbon.framework/Versions/A/Frameworks/Print.framework/Versions/A/Print
0x000000000b71c000 	/System/Library/Frameworks/Carbon.framework/Versions/A/Frameworks/SecurityHI.framework/Versions/A/SecurityHI
0x0000000120fa5000 	/Library/Java/JavaVirtualMachines/jdk1.8.0_45.jdk/Contents/Home/jre/lib/libosx.dylib
0x0000000120fb3000 	/Library/Java/JavaVirtualMachines/jdk1.8.0_45.jdk/Contents/Home/jre/lib/./libosxapp.dylib
0x000000000b71c000 	/System/Library/Frameworks/ExceptionHandling.framework/Versions/A/ExceptionHandling
0x0000000120fcf000 	/Library/Java/JavaVirtualMachines/jdk1.8.0_45.jdk/Contents/Home/jre/lib/libawt.dylib
0x0000000121077000 	/Library/Java/JavaVirtualMachines/jdk1.8.0_45.jdk/Contents/Home/jre/lib/./libmlib_image.dylib
0x0000000121143000 	/Library/Java/JavaVirtualMachines/jdk1.8.0_45.jdk/Contents/Home/jre/lib/libawt_lwawt.dylib
0x000000000b71c000 	/System/Library/PrivateFrameworks/CoreServicesInternal.framework/Versions/A/CoreServicesInternal
0x000000000b71c000 	/System/Library/Frameworks/CoreGraphics.framework/Versions/A/Resources/libRIP.A.dylib
0x000000000b71c000 	/System/Library/Frameworks/Accelerate.framework/Versions/A/Frameworks/vImage.framework/Versions/A/Libraries/libCGInterfaces.dylib
0x000000000b71c000 	/System/Library/Frameworks/CoreGraphics.framework/Versions/A/Resources/libCGXType.A.dylib
0x000000000b71c000 	/System/Library/Frameworks/OpenCL.framework/Versions/A/Libraries/libcldcpuengine.dylib
0x000000000b71c000 	/System/Library/PrivateFrameworks/DiskImages.framework/Versions/A/DiskImages
0x000000000b71c000 	/System/Library/Frameworks/DiscRecording.framework/Versions/A/DiscRecording
0x000000000b71c000 	/usr/lib/libcsfde.dylib
0x000000000b71c000 	/usr/lib/libcurl.4.dylib
0x000000000b71c000 	/System/Library/PrivateFrameworks/MediaKit.framework/Versions/A/MediaKit
0x000000000b71c000 	/System/Library/PrivateFrameworks/ProtectedCloudStorage.framework/Versions/A/ProtectedCloudStorage
0x000000000b71c000 	/usr/lib/libCoreStorage.dylib
0x000000000b71c000 	/System/Library/PrivateFrameworks/EFILogin.framework/Versions/A/EFILogin
0x000000000b71c000 	/usr/lib/libutil.dylib
0x000000000b71c000 	/System/Library/PrivateFrameworks/FindMyDevice.framework/Versions/A/FindMyDevice
0x000000000b71c000 	/System/Library/Frameworks/LDAP.framework/Versions/A/LDAP
0x000000000b71c000 	/usr/lib/libsasl2.2.dylib
0x000000000b71c000 	/System/Library/PrivateFrameworks/CoreDaemon.framework/Versions/B/CoreDaemon
0x000000000b71c000 	/usr/lib/libcrypto.0.9.8.dylib
0x000000000b71c000 	/System/Library/PrivateFrameworks/AppleSRP.framework/Versions/A/AppleSRP
0x000000000b71c000 	/System/Library/PrivateFrameworks/TrustEvaluationAgent.framework/Versions/A/TrustEvaluationAgent
0x00000001229e6000 	cl_kernels
0x000000000b71c000 	/System/Library/Frameworks/OpenCL.framework/Versions/A/Libraries/ImageFormats/unorm8_bgra.dylib
0x000000000b71c000 	/System/Library/Frameworks/OpenCL.framework/Versions/A/Libraries/ImageFormats/unorm8_rgba.dylib
0x000000000b71c000 	/System/Library/PrivateFrameworks/FamilyControls.framework/Versions/A/FamilyControls
0x000000000b71c000 	/System/Library/PrivateFrameworks/CommerceKit.framework/Versions/A/Frameworks/CommerceCore.framework/Versions/A/CommerceCore
0x000000000b71c000 	/System/Library/PrivateFrameworks/SystemAdministration.framework/Versions/A/SystemAdministration
0x000000000b71c000 	/System/Library/PrivateFrameworks/AppContainer.framework/Versions/A/AppContainer
0x000000000b71c000 	/System/Library/PrivateFrameworks/SecCodeWrapper.framework/Versions/A/SecCodeWrapper
0x000000000b71c000 	/System/Library/Frameworks/DirectoryService.framework/Versions/A/DirectoryService
0x000000000b71c000 	/System/Library/PrivateFrameworks/LoginUIKit.framework/Versions/A/Frameworks/LoginUICore.framework/Versions/A/LoginUICore
0x000000000b71c000 	/usr/lib/libodfde.dylib
0x0000000123a23000 	/Library/Java/JavaVirtualMachines/jdk1.8.0_45.jdk/Contents/Home/jre/lib/libfontmanager.dylib
0x0000000121ebe000 	/Library/Java/JavaVirtualMachines/jdk1.8.0_45.jdk/Contents/Home/jre/lib/libnio.dylib
0x0000000123a8a000 	/Library/Java/JavaVirtualMachines/jdk1.8.0_45.jdk/Contents/Home/jre/lib/./libnet.dylib
0x000000000b71c000 	/System/Library/Frameworks/OpenGL.framework/Versions/A/Resources/GLEngine.bundle/GLEngine
0x000000000b71c000 	/System/Library/Frameworks/OpenGL.framework/Versions/A/Libraries/libGLProgrammability.dylib
0x0000000123ae9000 	/System/Library/Extensions/AppleIntelHD5000GraphicsGLDriver.bundle/Contents/MacOS/AppleIntelHD5000GraphicsGLDriver
0x000000000b71c000 	/System/Library/PrivateFrameworks/GPUSupport.framework/Versions/A/Libraries/libGPUSupportMercury.dylib
0x000000000b71c000 	/System/Library/Frameworks/OpenGL.framework/Versions/A/Resources/GLRendererFloat.bundle/GLRendererFloat
0x0000000124d27000 	/Library/Java/JavaVirtualMachines/jdk1.8.0_45.jdk/Contents/Home/jre/lib/libosxui.dylib
0x000000012a7c2000 	/System/Library/Extensions/AppleIntelHD5000GraphicsMTLDriver.bundle/Contents/MacOS/AppleIntelHD5000GraphicsMTLDriver
0x0000000129dfe000 	/Library/Java/JavaVirtualMachines/jdk1.8.0_45.jdk/Contents/Home/jre/lib/libmanagement.dylib
0x000000000b71c000 	/System/Library/PrivateFrameworks/CloudDocs.framework/Versions/A/CloudDocs
0x000000000b71c000 	/System/Library/PrivateFrameworks/CoreDuet.framework/Versions/A/CoreDuet
0x000000000b71c000 	/System/Library/Frameworks/CloudKit.framework/Versions/A/CloudKit
0x000000000b71c000 	/System/Library/PrivateFrameworks/ProtocolBuffer.framework/Versions/A/ProtocolBuffer
0x000000000b71c000 	/System/Library/PrivateFrameworks/CoreDuetDaemonProtocol.framework/Versions/A/CoreDuetDaemonProtocol
0x000000000b71c000 	/System/Library/PrivateFrameworks/CoreDuetDebugLogging.framework/Versions/A/CoreDuetDebugLogging
0x000000000b71c000 	/System/Library/PrivateFrameworks/MMCS.framework/Versions/A/MMCS
0x000000000b71c000 	/System/Library/Frameworks/CoreLocation.framework/Versions/A/CoreLocation
0x000000000b71c000 	/System/Library/PrivateFrameworks/AssetCacheServices.framework/Versions/A/AssetCacheServices
0x000000000b71c000 	/System/Library/PrivateFrameworks/GeoServices.framework/Versions/A/GeoServices
0x000000000b71c000 	/System/Library/Frameworks/ApplicationServices.framework/Versions/A/Frameworks/ATS.framework/Versions/A/Resources/libTrueTypeScaler.dylib
0x000000012f30f000 	/Library/Java/JavaVirtualMachines/jdk1.8.0_45.jdk/Contents/Home/jre/lib/libdcpr.dylib
0x000000012aae8000 	/Library/Java/JavaVirtualMachines/jdk1.8.0_45.jdk/Contents/Home/jre/lib/libinstrument.dylib
0x00000001225af000 	/Library/Java/JavaVirtualMachines/jdk1.8.0_45.jdk/Contents/Home/lib/visualvm/profiler/lib/deployed/jdk16/mac/libprofilerinterface.jnilib

VM Arguments:
jvm_args: -Dfile.encoding=UTF-8 
java_command: Console.TBB_SQLBuilder
java_class_path (initial): /Users/sebastianzeki/Documents/workspace/PhysiologyUpperGITotalExtractorv2/bin:/Users/sebastianzeki/Documents/jfreechart-1.0.19/jfreechart-1.0.19/lib/jcommon-1.0.23.jar:/Users/sebastianzeki/Documents/jfreechart-1.0.19/jfreechart-1.0.19/lib/jfreechart-1.0.19.jar:/Users/sebastianzeki/Documents/commons-io-2.4.jar:/Users/sebastianzeki/Documents/commons-lang3-3.4.jar:/Users/sebastianzeki/Documents/commons-math-2.2.jar:/Users/sebastianzeki/Documents/fontbox-1.8.5.jar:/Users/sebastianzeki/Documents/fontbox-1.8.12.jar:/Users/sebastianzeki/Documents/itext-rtf-2.1.7.jar:/Users/sebastianzeki/Documents/jodconverter-3.0-beta-1-javadoc.jar:/Users/sebastianzeki/Documents/pdfbox-1.8.12.jar:/Users/sebastianzeki/Documents/pdfbox-app-1.8.12.jar:/Users/sebastianzeki/Documents/rs2xml.jar:/Users/sebastianzeki/Documents/rtfkit_nosrc.jar:/Users/sebastianzeki/Documents/tika-app-1.12.jar:/Users/sebastianzeki/Documents/EclipseTBB/UCanAccess-3.0.4-bin/ucanaccess-3.0.4.jar:/Users/sebastianzeki/Documents/EclipseTBB/UCanAccess-3.0.4-bin/lib/commons-lang-2.6.jar:/Users/sebastianzeki/Documents/EclipseTBB/UCanAccess-3.0.4-bin/lib/commons-logging-1.1.1.jar:/Users/sebastianzeki/Documents/EclipseTBB/UCanAccess-3.0.4-bin/lib/hsqldb.jar:/Users/sebastianzeki/Documents/EclipseTBB/UCanAccess-3.0.4-bin/lib/jackcess-2.1.3.jar:/Users/sebastianzeki/Documents/docx4j-3.2.2.zip Folder/docx4j-3.2.2.jar:/Users/sebastianzeki/Documents/docx4j-3.2.2.zip Folder/dependencies/antlr-2.7.7.jar:/Users/sebastianzeki/Documents/docx4j-3.2.2.zip Folder/dependencies/antlr-runtime-3.3.jar:/Users/sebastianzeki/Documents/docx4j-3.2.2.zip Folder/dependencies/avalon-framework-api-4.3.1.jar:/Users/sebastianzeki/Documents/docx4j-3.2.2.zip Folder/dependencies/avalon-framework-impl-4.3.1.jar:/Users/sebastianzeki/Documents/docx4j-3.2.2.zip Folder/dependencies/batik-anim-1.7.jar:/Users/sebastianzeki/Documents/docx4j-3.2.2.zip Folder/dependencies/batik-awt-util-1.7.jar:/Users/sebastianzeki/Documents/docx4j-3.2.2.
Launcher Type: SUN_STANDARD

Environment Variables:
PATH=/usr/bin:/bin:/usr/sbin:/sbin
SHELL=/bin/bash
DISPLAY=/private/tmp/com.apple.launchd.h3wZo2wOKB/org.macosforge.xquartz:0

Signal Handlers:
SIGSEGV: [libjvm.dylib+0x58ef95], sa_mask[0]=11111111011111110111111111111111, sa_flags=SA_ONSTACK|SA_RESTART|SA_SIGINFO
SIGBUS: [libjvm.dylib+0x58ef95], sa_mask[0]=11111111011111110111111111111111, sa_flags=SA_RESTART|SA_SIGINFO
SIGFPE: [libjvm.dylib+0x46c108], sa_mask[0]=11111111011111110111111111111111, sa_flags=SA_RESTART|SA_SIGINFO
SIGPIPE: [libjvm.dylib+0x46c108], sa_mask[0]=11111111011111110111111111111111, sa_flags=SA_RESTART|SA_SIGINFO
SIGXFSZ: [libjvm.dylib+0x46c108], sa_mask[0]=11111111011111110111111111111111, sa_flags=SA_RESTART|SA_SIGINFO
SIGILL: [libjvm.dylib+0x46c108], sa_mask[0]=11111111011111110111111111111111, sa_flags=SA_RESTART|SA_SIGINFO
SIGUSR1: SIG_DFL, sa_mask[0]=00000000000000000000000000000000, sa_flags=none
SIGUSR2: [libjvm.dylib+0x46bc26], sa_mask[0]=00100000000000000000000000000000, sa_flags=SA_RESTART|SA_SIGINFO
SIGHUP: [libjvm.dylib+0x46a1f9], sa_mask[0]=11111111011111110111111111111111, sa_flags=SA_RESTART|SA_SIGINFO
SIGINT: [libjvm.dylib+0x46a1f9], sa_mask[0]=11111111011111110111111111111111, sa_flags=SA_RESTART|SA_SIGINFO
SIGTERM: [libjvm.dylib+0x46a1f9], sa_mask[0]=11111111011111110111111111111111, sa_flags=SA_RESTART|SA_SIGINFO
SIGQUIT: [libjvm.dylib+0x46a1f9], sa_mask[0]=11111111011111110111111111111111, sa_flags=SA_RESTART|SA_SIGINFO


---------------  S Y S T E M  ---------------

OS:Bsduname:Darwin 15.3.0 Darwin Kernel Version 15.3.0: Thu Dec 10 18:40:58 PST 2015; root:xnu-3248.30.4~1/RELEASE_X86_64 x86_64
rlimit: STACK 8192k, CORE 0k, NPROC 709, NOFILE 10240, AS infinity
load average:3.08 3.02 3.10

CPU:total 4 (2 cores per cpu, 2 threads per core) family 6 model 69 stepping 1, cmov, cx8, fxsr, mmx, sse, sse2, sse3, ssse3, sse4.1, sse4.2, popcnt, avx, avx2, aes, clmul, erms, lzcnt, ht, tsc, tscinvbit, bmi1, bmi2

Memory: 4k page, physical 4194304k(15840k free)

/proc/meminfo:


vm_info: Java HotSpot(TM) 64-Bit Server VM (25.45-b02) for bsd-amd64 JRE (1.8.0_45-b14), built on Apr 10 2015 10:46:38 by "java_re" with gcc 4.2.1 (Based on Apple Inc. build 5658) (LLVM build 2336.11.00)

time: Tue Oct  4 21:29:18 2016
elapsed time: 297 seconds (0d 0h 4m 57s)

