#
# A fatal error has been detected by the Java Runtime Environment:
#
#  SIGBUS (0xa) at pc=0x0000000221794590, pid=45377, tid=20995
#
# JRE version: Java(TM) SE Runtime Environment (8.0_45-b14) (build 1.8.0_45-b14)
# Java VM: Java HotSpot(TM) 64-Bit Server VM (25.45-b02 mixed mode bsd-amd64 compressed oops)
# Problematic frame:
# 
[error occurred during error reporting (printing problematic frame), id 0xa]

# Failed to write core dump. Core dumps have been disabled. To enable core dumping, try "ulimit -c unlimited" before starting Java again
#
# If you would like to submit a bug report, please visit:
#   http://bugreport.java.com/bugreport/crash.jsp
# The crash happened outside the Java Virtual Machine in native code.
# See problematic frame for where to report the bug.
#

---------------  T H R E A D  ---------------

Current thread (0x00007fd2d1896800):  JavaThread "Plumbr thread - 6" daemon [_thread_in_native, id=20995, stack(0x00007000010cd000,0x00007000011cd000)]

siginfo: si_signo: 10 (SIGBUS), si_code: 2 (BUS_ADRERR), si_addr: 0x0000000221794590

Registers:
RAX=0x00000007b4a5ef30, RBX=0x000000022268f728, RCX=0x0000000000000000, RDX=0x0000000003da52f7
RSP=0x00007000011cc6e8, RBP=0x00007000011cc730, RSI=0x00007000011cc6f0, RDI=0x00007fd2d18969f8
R8 =0x000000078066fab8, R9 =0x00000000f804496f, R10=0x0000000221794590, R11=0x00000000f00d931c
R12=0x0000000000000000, R13=0x00007000011cc818, R14=0x00007000011cc8b8, R15=0x00007fd2d1896800
RIP=0x0000000221794590, EFLAGS=0x0000000000010246, ERR=0x0000000000000014
  TRAPNO=0x000000000000000e

Top of Stack: (sp=0x00007000011cc6e8)
0x00007000011cc6e8:   000000010bdb17ee 00000007806c98f0
0x00007000011cc6f8:   00007fd2d18969f8 00007000011cc710
0x00007000011cc708:   000000010ae6e3a7 0000000000000000
0x00007000011cc718:   000000010c9dccb0 0000000780255348
0x00007000011cc728:   f00c2882f00c2882 00000000f00714ba
0x00007000011cc738:   000000010c9dc90c 0000000780255348
0x00007000011cc748:   000000078066fab8 00000007b4a5ef30
0x00007000011cc758:   0000000af00714ba 000000078038a5d0
0x00007000011cc768:   00000010f00dc466 00000007806e2330
0x00007000011cc778:   00000007c0022498 00007000011cc790
0x00007000011cc788:   000000010ae6e3a7 0000000700000000
0x00007000011cc798:   000000010d1e2384 0000000780494dc8
0x00007000011cc7a8:   0000000780495048 00000000f00dc45e
0x00007000011cc7b8:   000000010c815494 00000007806e22a8
0x00007000011cc7c8:   00000007806e22c0 00000007806e22f0
0x00007000011cc7d8:   00000007806e22a8 00000007806e22a8
0x00007000011cc7e8:   00000007806ec270 00007000011cc860
0x00007000011cc7f8:   000000010b970c4d 00007000011cc860
0x00007000011cc808:   000000010b970c92 000000010b970c92
0x00007000011cc818:   00000007806e22a8 00007000011cc820
0x00007000011cc828:   000000011d9d7f97 00007000011cc8b8
0x00007000011cc838:   000000011d9dc428 0000000000000000
0x00007000011cc848:   000000011d9d8098 00007000011cc818
0x00007000011cc858:   00007000011cc8b0 00007000011cc900
0x00007000011cc868:   000000010b970c4d 0000000000000000
0x00007000011cc878:   0000000000000000 0000000000000000
0x00007000011cc888:   0000000000000000 0000000000000000
0x00007000011cc898:   0000000000000001 00000007806e22a8
0x00007000011cc8a8:   0000000780494be8 0000000780494d98
0x00007000011cc8b8:   0000000780494dc8 00007000011cc8c0
0x00007000011cc8c8:   000000012162ef0d 00007000011cc910
0x00007000011cc8d8:   000000012162f4a8 0000000000000000 

Instructions: (pc=0x0000000221794590)
0x0000000221794570:   
[error occurred during error reporting (printing registers, top of stack, instructions near pc), id 0xa]

Register to memory mapping:

RAX=0x00000007b4a5ef30 is an oop
eu.plumbr.agent.iu 
 - klass: 'eu/plumbr/agent/iu'
RBX={method} {0x000000022268f728} 'a' '(Leu/plumbr/agent/iu;Ljava/lang/Object;)V' in 'eu/plumbr/agent/iu$i'
RCX=0x0000000000000000 is an unknown value
RDX=0x0000000003da52f7 is an unknown value
RSP=0x00007000011cc6e8 is pointing into the stack for thread: 0x00007fd2d1896800
RBP=0x00007000011cc730 is pointing into the stack for thread: 0x00007fd2d1896800
RSI=0x00007000011cc6f0 is pointing into the stack for thread: 0x00007fd2d1896800
RDI=0x00007fd2d18969f8 is an unknown value
R8 =0x000000078066fab8 is an oop
eu.plumbr.agent.if 
 - klass: 'eu/plumbr/agent/if'
R9 =0x00000000f804496f is an unknown value
R10=
[error occurred during error reporting (printing register info), id 0xa]

Stack: [0x00007000010cd000,0x00007000011cd000],  sp=0x00007000011cc6e8,  free space=1021k
Native frames: (J=compiled Java code, j=interpreted, Vv=VM code, C=native code)

[error occurred during error reporting (printing native stack), id 0xa]

Java frames: (J=compiled Java code, j=interpreted, Vv=VM code)
J 1560  eu.plumbr.agent.tools.timings.PlumbrClockNativeImpl.getMillisFromPerfCounter()J (0 bytes) @ 0x000000010bdb1778 [0x000000010bdb1740+0x38]
J 5680 C2 eu.plumbr.agent.hL.submit(II[Ljava/lang/Object;)V (105 bytes) @ 0x000000010c9dc90c [0x000000010c9dc460+0x4ac]
J 10125 C2 java.util.concurrent.ScheduledThreadPoolExecutor$ScheduledFutureTask.run()V (59 bytes) @ 0x000000010c815494 [0x000000010c815340+0x154]
j  java.util.concurrent.ThreadPoolExecutor.runWorker(Ljava/util/concurrent/ThreadPoolExecutor$Worker;)V+95
j  java.util.concurrent.ThreadPoolExecutor$Worker.run()V+5
j  java.lang.Thread.run()V+11
v  ~StubRoutines::call_stub

---------------  P R O C E S S  ---------------

Java Threads: ( => current thread )
  0x00007fd2d4253800 JavaThread "Timer-1" daemon [_thread_blocked, id=25879, stack(0x00007000019eb000,0x0000700001aeb000)]
  0x00007fd2d8431000 JavaThread "TimerQueue" daemon [_thread_blocked, id=65799, stack(0x0000700002003000,0x0000700002103000)]
  0x00007fd2d4721800 JavaThread "Java2D Queue Flusher" daemon [_thread_blocked, id=61191, stack(0x0000700001dfd000,0x0000700001efd000)]
  0x00007fd2d236f000 JavaThread "Java2D Disposer" daemon [_thread_blocked, id=59999, stack(0x0000700001cfa000,0x0000700001dfa000)]
  0x00007fd2d4498800 JavaThread "DestroyJavaVM" [_thread_blocked, id=5891, stack(0x000070000011a000,0x000070000021a000)]
  0x00007fd2d4b1c000 JavaThread "AWT-EventQueue-0" [_thread_blocked, id=48735, stack(0x0000700001bf7000,0x0000700001cf7000)]
  0x00007fd2d13a3800 JavaThread "AWT-Shutdown" [_thread_blocked, id=34067, stack(0x00007000018e8000,0x00007000019e8000)]
  0x00007fd2d1bf7000 JavaThread "AppKit Thread" daemon [_thread_in_native, id=2571, stack(0x00007fff555b5000,0x00007fff55db5000)]
  0x00007fd2d3b34800 JavaThread "Timer-0" daemon [_thread_blocked, id=23043, stack(0x00007000016df000,0x00007000017df000)]
  0x00007fd2d1236000 JavaThread "Service Thread" daemon [_thread_blocked, id=22019, stack(0x00007000014d9000,0x00007000015d9000)]
  0x00007fd2d1845800 JavaThread "C1 CompilerThread2" daemon [_thread_blocked, id=21507, stack(0x00007000013d6000,0x00007000014d6000)]
  0x00007fd2d18f0000 JavaThread "C2 CompilerThread1" daemon [_thread_blocked, id=4871, stack(0x00007000012d3000,0x00007000013d3000)]
  0x00007fd2d180a000 JavaThread "C2 CompilerThread0" daemon [_thread_blocked, id=13575, stack(0x00007000011d0000,0x00007000012d0000)]
=>0x00007fd2d1896800 JavaThread "Plumbr thread - 6" daemon [_thread_in_native, id=20995, stack(0x00007000010cd000,0x00007000011cd000)]
  0x00007fd2d2133800 JavaThread "GC Count reporter thread" daemon [_thread_blocked, id=13835, stack(0x00007000009b5000,0x0000700000ab5000)]
  0x00007fd2d28cf800 JavaThread "Plumbr thread - 5" daemon [_thread_blocked, id=20483, stack(0x0000700000fca000,0x00007000010ca000)]
  0x00007fd2d28cc800 JavaThread "Plumbr thread - 4" daemon [_thread_blocked, id=19971, stack(0x0000700000ec7000,0x0000700000fc7000)]
  0x00007fd2d1198000 JavaThread "Plumbr thread - 3" daemon [_thread_blocked, id=19459, stack(0x0000700000dc4000,0x0000700000ec4000)]
  0x00007fd2d1197800 JavaThread "Plumbr thread - 2" daemon [_thread_blocked, id=18947, stack(0x0000700000cc1000,0x0000700000dc1000)]
  0x00007fd2d11f3000 JavaThread "Plumbr thread - 1" daemon [_thread_blocked, id=18695, stack(0x0000700000bbe000,0x0000700000cbe000)]
  0x00007fd2d1007800 JavaThread "Signal Dispatcher" daemon [_thread_blocked, id=16667, stack(0x0000700000abb000,0x0000700000bbb000)]
  0x00007fd2d103d800 JavaThread "Finalizer" daemon [_thread_blocked, id=12291, stack(0x000070000082f000,0x000070000092f000)]
  0x00007fd2d180c800 JavaThread "Reference Handler" daemon [_thread_blocked, id=11779, stack(0x000070000072c000,0x000070000082c000)]

Other Threads:
  0x00007fd2d2013800 VMThread [stack: 0x0000700000629000,0x0000700000729000] [id=11267]
  0x00007fd2d1846800 WatcherThread [stack: 0x00007000015dc000,0x00007000016dc000] [id=22531]

VM state:not at safepoint (normal execution)

VM Mutex/Monitor currently owned by a thread: None

Heap:
 PSYoungGen      total 243712K, used 163196K [0x00000007aab00000, 0x00000007ba700000, 0x00000007c0000000)
  eden space 235520K, 69% used [0x00000007aab00000,0x00000007b4a5f228,0x00000007b9100000)
  from space 8192K, 0% used [0x00000007b9f00000,0x00000007b9f00000,0x00000007ba700000)
  to   space 11264K, 0% used [0x00000007b9100000,0x00000007b9100000,0x00000007b9c00000)
 ParOldGen       total 128000K, used 71608K [0x0000000780000000, 0x0000000787d00000, 0x00000007aab00000)
  object space 128000K, 55% used [0x0000000780000000,0x00000007845ee370,0x0000000787d00000)
 Metaspace       used 43083K, capacity 43740K, committed 43776K, reserved 1087488K
  class space    used 4678K, capacity 4837K, committed 4864K, reserved 1048576K

Card table byte_map: [0x000000011ad29000,0x000000011af2a000] byte_map_base: 0x0000000117129000

Marking Bits: (ParMarkBitMap*) 0x000000010b2c27a0
 Begin Bits: [0x000000011b080000, 0x000000011c080000)
 End Bits:   [0x000000011c080000, 0x000000011d080000)

Polling page: 0x000000010a10e000

CodeCache: size=245760Kb used=24956Kb max_used=27619Kb free=220803Kb
 bounds [0x000000010b969000, 0x000000010d499000, 0x000000011a969000]
 total_blobs=8000 nmethods=7256 adapters=656
 compilation: enabled

Compilation events (10 events):
Event: 648.252 Thread 0x00007fd2d1845800 10213   !   3       java.io.StringReader::read (145 bytes)
Event: 648.253 Thread 0x00007fd2d1845800 

Event: 648.253 Thread 0x00007fd2d1845800 10209       3       eu.plumbr.agent.aad::d (117 bytes)
Event: 648.256 Thread 0x00007fd2d1845800 nmethod 10209 0x000000010c10df10 code [0x000000010c10e2c0, 0x000000010c1100a8]
Event: 648.256 Thread 0x00007fd2d1845800 10210   !   3       eu.plumbr.agent.SI::read (43 bytes)
Event: 648.256 Thread 0x00007fd2d1845800 nmethod 10210 0x000000010c445290 code [0x000000010c445440, 0x000000010c445978]
Event: 648.256 Thread 0x00007fd2d1845800 10211       1       eu.plumbr.agent.bD::p (5 bytes)
Event: 648.256 Thread 0x00007fd2d1845800 nmethod 10211 0x000000010bfc6a50 code [0x000000010bfc6ba0, 0x000000010bfc6cb0]
Event: 648.257 Thread 0x00007fd2d1845800 10212       1       eu.plumbr.agent.T$b::getOwnerType (5 bytes)
Event: 648.257 Thread 0x00007fd2d1845800 nmethod 10212 0x000000010c42d810 code [0x000000010c42d960, 0x000000010c42da70]

GC Heap History (10 events):
Event: 64.376 GC heap before
{Heap before GC invocations=64 (full 3):
 PSYoungGen      total 201728K, used 193632K [0x00000007aab00000, 0x00000007b7d80000, 0x00000007c0000000)
  eden space 187904K, 100% used [0x00000007aab00000,0x00000007b6280000,0x00000007b6280000)
  from space 13824K, 41% used [0x00000007b6f80000,0x00000007b7518020,0x00000007b7d00000)
  to   space 13312K, 0% used [0x00000007b6280000,0x00000007b6280000,0x00000007b6f80000)
 ParOldGen       total 90624K, used 67059K [0x0000000780000000, 0x0000000785880000, 0x00000007aab00000)
  object space 90624K, 73% used [0x0000000780000000,0x000000078417cd40,0x0000000785880000)
 Metaspace       used 42488K, capacity 42988K, committed 43264K, reserved 1087488K
  class space    used 4654K, capacity 4781K, committed 4864K, reserved 1048576K
Event: 64.406 GC heap after
Heap after GC invocations=64 (full 3):
 PSYoungGen      total 201216K, used 2752K [0x00000007aab00000, 0x00000007b9300000, 0x00000007c0000000)
  eden space 187904K, 0% used [0x00000007aab00000,0x00000007aab00000,0x00000007b6280000)
  from space 13312K, 20% used [0x00000007b6280000,0x00000007b6530000,0x00000007b6f80000)
  to   space 12800K, 0% used [0x00000007b8680000,0x00000007b8680000,0x00000007b9300000)
 ParOldGen       total 90624K, used 72439K [0x0000000780000000, 0x0000000785880000, 0x00000007aab00000)
  object space 90624K, 79% used [0x0000000780000000,0x00000007846bdd68,0x0000000785880000)
 Metaspace       used 42488K, capacity 42988K, committed 43264K, reserved 1087488K
  class space    used 4654K, capacity 4781K, committed 4864K, reserved 1048576K
}
Event: 66.515 GC heap before
{Heap before GC invocations=65 (full 3):
 PSYoungGen      total 201216K, used 190656K [0x00000007aab00000, 0x00000007b9300000, 0x00000007c0000000)
  eden space 187904K, 100% used [0x00000007aab00000,0x00000007b6280000,0x00000007b6280000)
  from space 13312K, 20% used [0x00000007b6280000,0x00000007b6530000,0x00000007b6f80000)
  to   space 12800K, 0% used [0x00000007b8680000,0x00000007b8680000,0x00000007b9300000)
 ParOldGen       total 90624K, used 72439K [0x0000000780000000, 0x0000000785880000, 0x00000007aab00000)
  object space 90624K, 79% used [0x0000000780000000,0x00000007846bdd68,0x0000000785880000)
 Metaspace       used 42561K, capacity 43052K, committed 43264K, reserved 1087488K
  class space    used 4656K, capacity 4781K, committed 4864K, reserved 1048576K
Event: 66.543 GC heap after
Heap after GC invocations=65 (full 3):
 PSYoungGen      total 221696K, used 4960K [0x00000007aab00000, 0x00000007b9100000, 0x00000007c0000000)
  eden space 210944K, 0% used [0x00000007aab00000,0x00000007aab00000,0x00000007b7900000)
  from space 10752K, 46% used [0x00000007b8680000,0x00000007b8b58000,0x00000007b9100000)
  to   space 12288K, 0% used [0x00000007b7900000,0x00000007b7900000,0x00000007b8500000)
 ParOldGen       total 90624K, used 74799K [0x0000000780000000, 0x0000000785880000, 0x00000007aab00000)
  object space 90624K, 82% used [0x0000000780000000,0x000000078490bd68,0x0000000785880000)
 Metaspace       used 42561K, capacity 43052K, committed 43264K, reserved 1087488K
  class space    used 4656K, capacity 4781K, committed 4864K, reserved 1048576K
}
Event: 68.021 GC heap before
{Heap before GC invocations=66 (full 3):
 PSYoungGen      total 221696K, used 215904K [0x00000007aab00000, 0x00000007b9100000, 0x00000007c0000000)
  eden space 210944K, 100% used [0x00000007aab00000,0x00000007b7900000,0x00000007b7900000)
  from space 10752K, 46% used [0x00000007b8680000,0x00000007b8b58000,0x00000007b9100000)
  to   space 12288K, 0% used [0x00000007b7900000,0x00000007b7900000,0x00000007b8500000)
 ParOldGen       total 90624K, used 74799K [0x0000000780000000, 0x0000000785880000, 0x00000007aab00000)
  object space 90624K, 82% used [0x0000000780000000,0x000000078490bd68,0x0000000785880000)
 Metaspace       used 42706K, capacity 43254K, committed 43520K, reserved 1087488K
  class space    used 4669K, capacity 4804K, committed 4864K, reserved 1048576K
Event: 68.062 GC heap after
Heap after GC invocations=66 (full 3):
 PSYoungGen      total 223232K, used 3136K [0x00000007aab00000, 0x00000007baa80000, 0x00000007c0000000)
  eden space 210944K, 0% used [0x00000007aab00000,0x00000007aab00000,0x00000007b7900000)
  from space 12288K, 25% used [0x00000007b7900000,0x00000007b7c10000,0x00000007b8500000)
  to   space 11776K, 0% used [0x00000007b9f00000,0x00000007b9f00000,0x00000007baa80000)
 ParOldGen       total 90624K, used 79399K [0x0000000780000000, 0x0000000785880000, 0x00000007aab00000)
  object space 90624K, 87% used [0x0000000780000000,0x0000000784d89d68,0x0000000785880000)
 Metaspace       used 42706K, capacity 43254K, committed 43520K, reserved 1087488K
  class space    used 4669K, capacity 4804K, committed 4864K, reserved 1048576K
}
Event: 76.620 GC heap before
{Heap before GC invocations=67 (full 3):
 PSYoungGen      total 223232K, used 214080K [0x00000007aab00000, 0x00000007baa80000, 0x00000007c0000000)
  eden space 210944K, 100% used [0x00000007aab00000,0x00000007b7900000,0x00000007b7900000)
  from space 12288K, 25% used [0x00000007b7900000,0x00000007b7c10000,0x00000007b8500000)
  to   space 11776K, 0% used [0x00000007b9f00000,0x00000007b9f00000,0x00000007baa80000)
 ParOldGen       total 90624K, used 79399K [0x0000000780000000, 0x0000000785880000, 0x00000007aab00000)
  object space 90624K, 87% used [0x0000000780000000,0x0000000784d89d68,0x0000000785880000)
 Metaspace       used 42847K, capacity 43414K, committed 43520K, reserved 1087488K
  class space    used 4678K, capacity 4836K, committed 4864K, reserved 1048576K
Event: 76.648 GC heap after
Heap after GC invocations=67 (full 3):
 PSYoungGen      total 243712K, used 4992K [0x00000007aab00000, 0x00000007ba700000, 0x00000007c0000000)
  eden space 235520K, 0% used [0x00000007aab00000,0x00000007aab00000,0x00000007b9100000)
  from space 8192K, 60% used [0x00000007b9f00000,0x00000007ba3e0000,0x00000007ba700000)
  to   space 11264K, 0% used [0x00000007b9100000,0x00000007b9100000,0x00000007b9c00000)
 ParOldGen       total 90624K, used 82014K [0x0000000780000000, 0x0000000785880000, 0x00000007aab00000)
  object space 90624K, 90% used [0x0000000780000000,0x0000000785017a50,0x0000000785880000)
 Metaspace       used 42847K, capacity 43414K, committed 43520K, reserved 1087488K
  class space    used 4678K, capacity 4836K, committed 4864K, reserved 1048576K
}
Event: 76.648 GC heap before
{Heap before GC invocations=68 (full 4):
 PSYoungGen      total 243712K, used 4992K [0x00000007aab00000, 0x00000007ba700000, 0x00000007c0000000)
  eden space 235520K, 0% used [0x00000007aab00000,0x00000007aab00000,0x00000007b9100000)
  from space 8192K, 60% used [0x00000007b9f00000,0x00000007ba3e0000,0x00000007ba700000)
  to   space 11264K, 0% used [0x00000007b9100000,0x00000007b9100000,0x00000007b9c00000)
 ParOldGen       total 90624K, used 82014K [0x0000000780000000, 0x0000000785880000, 0x00000007aab00000)
  object space 90624K, 90% used [0x0000000780000000,0x0000000785017a50,0x0000000785880000)
 Metaspace       used 42847K, capacity 43414K, committed 43520K, reserved 1087488K
  class space    used 4678K, capacity 4836K, committed 4864K, reserved 1048576K
Event: 76.953 GC heap after
Heap after GC invocations=68 (full 4):
 PSYoungGen      total 243712K, used 0K [0x00000007aab00000, 0x00000007ba700000, 0x00000007c0000000)
  eden space 235520K, 0% used [0x00000007aab00000,0x00000007aab00000,0x00000007b9100000)
  from space 8192K, 0% used [0x00000007b9f00000,0x00000007b9f00000,0x00000007ba700000)
  to   space 11264K, 0% used [0x00000007b9100000,0x00000007b9100000,0x00000007b9c00000)
 ParOldGen       total 128000K, used 71608K [0x0000000780000000, 0x0000000787d00000, 0x00000007aab00000)
  object space 128000K, 55% used [0x0000000780000000,0x00000007845ee370,0x0000000787d00000)
 Metaspace       used 42847K, capacity 43414K, committed 43520K, reserved 1087488K
  class space    used 4678K, capacity 4836K, committed 4864K, reserved 1048576K
}

Deoptimization events (10 events):
Event: 79.151 Thread 0x00007fd2d11f3000 Uncommon trap: reason=unstable_if action=reinterpret pc=0x000000010be64794 method=java.lang.ThreadLocal$ThreadLocalMap.nextIndex(II)I @ 4
Event: 79.152 Thread 0x00007fd2d11f3000 Uncommon trap: reason=unstable_if action=reinterpret pc=0x000000010bcaf5b8 method=java.lang.ThreadLocal$ThreadLocalMap.nextIndex(II)I @ 4
Event: 480.088 Thread 0x00007fd2d11f3000 Uncommon trap: reason=bimorphic action=maybe_recompile pc=0x000000010c24bbf8 method=java.lang.StringCoding.encode(Ljava/nio/charset/Charset;[CII)[B @ 107
Event: 480.093 Thread 0x00007fd2d11f3000 Uncommon trap: reason=bimorphic action=maybe_recompile pc=0x000000010c4560ec method=java.util.Collections$UnmodifiableCollection.isEmpty()Z @ 4
Event: 480.093 Thread 0x00007fd2d11f3000 Uncommon trap: reason=bimorphic action=maybe_recompile pc=0x000000010c4560ec method=java.util.Collections$UnmodifiableCollection.isEmpty()Z @ 4
Event: 480.094 Thread 0x00007fd2d11f3000 Uncommon trap: reason=bimorphic action=maybe_recompile pc=0x000000010c4560ec method=java.util.Collections$UnmodifiableCollection.isEmpty()Z @ 4
Event: 480.094 Thread 0x00007fd2d11f3000 Uncommon trap: reason=bimorphic action=maybe_recompile pc=0x000000010c4560ec method=java.util.Collections$UnmodifiableCollection.isEmpty()Z @ 4
Event: 480.185 Thread 0x00007fd2d11f3000 Uncommon trap: reason=bimorphic action=maybe_recompile pc=0x000000010d197db4 method=java.util.AbstractCollection.toArray([Ljava/lang/Object;)[Ljava/lang/Object; @ 1
Event: 480.188 Thread 0x00007fd2d11f3000 Uncommon trap: reason=class_check action=maybe_recompile pc=0x000000010ca9e9ac method=java.util.TreeMap.getEntry(Ljava/lang/Object;)Ljava/util/TreeMap$Entry; @ 26
Event: 480.188 Thread 0x00007fd2d11f3000 Uncommon trap: reason=unstable_if action=reinterpret pc=0x000000010c9a9790 method=java.lang.Integer.compare(II)I @ 11

Internal exceptions (10 events):
Event: 603.139 Thread 0x00007fd2d11f3000 Exception <a 'java/net/SocketTimeoutException': Read timed out> (0x00000007b49ae0d0) thrown at [/Users/java_re/workspace/8-2-build-macosx-x86_64/jdk8u45/3457/hotspot/src/share/vm/prims/jni.cpp, line 735]
Event: 608.139 Thread 0x00007fd2d11f3000 Exception <a 'java/net/SocketTimeoutException': Read timed out> (0x00000007b49c0d18) thrown at [/Users/java_re/workspace/8-2-build-macosx-x86_64/jdk8u45/3457/hotspot/src/share/vm/prims/jni.cpp, line 735]
Event: 613.140 Thread 0x00007fd2d11f3000 Exception <a 'java/net/SocketTimeoutException': Read timed out> (0x00000007b49d3a18) thrown at [/Users/java_re/workspace/8-2-build-macosx-x86_64/jdk8u45/3457/hotspot/src/share/vm/prims/jni.cpp, line 735]
Event: 618.143 Thread 0x00007fd2d11f3000 Exception <a 'java/net/SocketTimeoutException': Read timed out> (0x00000007b49e6628) thrown at [/Users/java_re/workspace/8-2-build-macosx-x86_64/jdk8u45/3457/hotspot/src/share/vm/prims/jni.cpp, line 735]
Event: 623.149 Thread 0x00007fd2d11f3000 Exception <a 'java/net/SocketTimeoutException': Read timed out> (0x00000007b49f9570) thrown at [/Users/java_re/workspace/8-2-build-macosx-x86_64/jdk8u45/3457/hotspot/src/share/vm/prims/jni.cpp, line 735]
Event: 628.152 Thread 0x00007fd2d11f3000 Exception <a 'java/net/SocketTimeoutException': Read timed out> (0x00000007b4a0bf58) thrown at [/Users/java_re/workspace/8-2-build-macosx-x86_64/jdk8u45/3457/hotspot/src/share/vm/prims/jni.cpp, line 735]
Event: 633.157 Thread 0x00007fd2d11f3000 Exception <a 'java/net/SocketTimeoutException': Read timed out> (0x00000007b4a1eec0) thrown at [/Users/java_re/workspace/8-2-build-macosx-x86_64/jdk8u45/3457/hotspot/src/share/vm/prims/jni.cpp, line 735]
Event: 638.159 Thread 0x00007fd2d11f3000 Exception <a 'java/net/SocketTimeoutException': Read timed out> (0x00000007b4a31b08) thrown at [/Users/java_re/workspace/8-2-build-macosx-x86_64/jdk8u45/3457/hotspot/src/share/vm/prims/jni.cpp, line 735]
Event: 643.163 Thread 0x00007fd2d11f3000 Exception <a 'java/net/SocketTimeoutException': Read timed out> (0x00000007b4a44808) thrown at [/Users/java_re/workspace/8-2-build-macosx-x86_64/jdk8u45/3457/hotspot/src/share/vm/prims/jni.cpp, line 735]
Event: 648.164 Thread 0x00007fd2d11f3000 Exception <a 'java/net/SocketTimeoutException': Read timed out> (0x00000007b4a57438) thrown at [/Users/java_re/workspace/8-2-build-macosx-x86_64/jdk8u45/3457/hotspot/src/share/vm/prims/jni.cpp, line 735]

Events (10 events):
Event: 538.395 Thread 0x00007fd2d1845800 flushing nmethod 0x000000010cc13e10
Event: 538.396 Thread 0x00007fd2d1845800 flushing nmethod 0x000000010ccd1150
Event: 538.396 Thread 0x00007fd2d1845800 flushing nmethod 0x000000010ccd7250
Event: 538.474 Thread 0x00007fd2d18f0000 flushing nmethod 0x000000010ce703d0
Event: 538.474 Thread 0x00007fd2d18f0000 flushing nmethod 0x000000010ce73e50
Event: 553.103 Thread 0x00007fd2d1845800 flushing nmethod 0x000000010cfe8f10
Event: 553.103 Thread 0x00007fd2d1845800 flushing nmethod 0x000000010cfebbd0
Event: 553.103 Thread 0x00007fd2d1845800 flushing nmethod 0x000000010cfed1d0
Event: 553.103 Thread 0x00007fd2d1845800 flushing nmethod 0x000000010cffa390
Event: 553.103 Thread 0x00007fd2d1845800 flushing nmethod 0x000000010cffb3d0


Dynamic libraries:
0x000000000b71c000 	/System/Library/Frameworks/Cocoa.framework/Versions/A/Cocoa
0x000000000b71c000 	/System/Library/Frameworks/Security.framework/Versions/A/Security
0x000000000b71c000 	/System/Library/Frameworks/ApplicationServices.framework/Versions/A/ApplicationServices
0x000000000b71c000 	/usr/lib/libz.1.dylib
0x000000000b71c000 	/usr/lib/libSystem.B.dylib
0x000000000b71c000 	/usr/lib/libobjc.A.dylib
0x000000000b71c000 	/System/Library/Frameworks/CoreFoundation.framework/Versions/A/CoreFoundation
0x000000000b71c000 	/System/Library/Frameworks/Foundation.framework/Versions/C/Foundation
0x000000000b71c000 	/System/Library/Frameworks/AppKit.framework/Versions/C/AppKit
0x000000000b71c000 	/System/Library/Frameworks/CoreData.framework/Versions/A/CoreData
0x000000000b71c000 	/System/Library/PrivateFrameworks/RemoteViewServices.framework/Versions/A/RemoteViewServices
0x000000000b71c000 	/System/Library/PrivateFrameworks/UIFoundation.framework/Versions/A/UIFoundation
0x000000000b71c000 	/usr/lib/libScreenReader.dylib
0x000000000b71c000 	/System/Library/Frameworks/Accelerate.framework/Versions/A/Accelerate
0x000000000b71c000 	/System/Library/Frameworks/IOSurface.framework/Versions/A/IOSurface
0x000000000b71c000 	/System/Library/Frameworks/AudioToolbox.framework/Versions/A/AudioToolbox
0x000000000b71c000 	/System/Library/Frameworks/AudioUnit.framework/Versions/A/AudioUnit
0x000000000b71c000 	/System/Library/PrivateFrameworks/DataDetectorsCore.framework/Versions/A/DataDetectorsCore
0x000000000b71c000 	/System/Library/PrivateFrameworks/DesktopServicesPriv.framework/Versions/A/DesktopServicesPriv
0x000000000b71c000 	/System/Library/Frameworks/Carbon.framework/Versions/A/Frameworks/HIToolbox.framework/Versions/A/HIToolbox
0x000000000b71c000 	/System/Library/Frameworks/QuartzCore.framework/Versions/A/QuartzCore
0x000000000b71c000 	/System/Library/Frameworks/Carbon.framework/Versions/A/Frameworks/SpeechRecognition.framework/Versions/A/SpeechRecognition
0x000000000b71c000 	/usr/lib/libauto.dylib
0x000000000b71c000 	/usr/lib/libicucore.A.dylib
0x000000000b71c000 	/usr/lib/libxml2.2.dylib
0x000000000b71c000 	/System/Library/PrivateFrameworks/CoreUI.framework/Versions/A/CoreUI
0x000000000b71c000 	/System/Library/Frameworks/CoreAudio.framework/Versions/A/CoreAudio
0x000000000b71c000 	/System/Library/Frameworks/DiskArbitration.framework/Versions/A/DiskArbitration
0x000000000b71c000 	/usr/lib/liblangid.dylib
0x000000000b71c000 	/System/Library/PrivateFrameworks/MultitouchSupport.framework/Versions/A/MultitouchSupport
0x000000000b71c000 	/System/Library/Frameworks/IOKit.framework/Versions/A/IOKit
0x000000000b71c000 	/usr/lib/libDiagnosticMessagesClient.dylib
0x000000000b71c000 	/System/Library/Frameworks/CoreServices.framework/Versions/A/CoreServices
0x000000000b71c000 	/System/Library/PrivateFrameworks/PerformanceAnalysis.framework/Versions/A/PerformanceAnalysis
0x000000000b71c000 	/System/Library/PrivateFrameworks/GenerationalStorage.framework/Versions/A/GenerationalStorage
0x000000000b71c000 	/System/Library/Frameworks/OpenGL.framework/Versions/A/OpenGL
0x000000000b71c000 	/System/Library/PrivateFrameworks/Sharing.framework/Versions/A/Sharing
0x000000000b71c000 	/System/Library/Frameworks/CoreGraphics.framework/Versions/A/CoreGraphics
0x000000000b71c000 	/System/Library/Frameworks/CoreImage.framework/Versions/A/CoreImage
0x000000000b71c000 	/System/Library/Frameworks/CoreText.framework/Versions/A/CoreText
0x000000000b71c000 	/System/Library/Frameworks/ImageIO.framework/Versions/A/ImageIO
0x000000000b71c000 	/System/Library/PrivateFrameworks/Backup.framework/Versions/A/Backup
0x000000000b71c000 	/usr/lib/libextension.dylib
0x000000000b71c000 	/usr/lib/libarchive.2.dylib
0x000000000b71c000 	/System/Library/Frameworks/CFNetwork.framework/Versions/A/CFNetwork
0x000000000b71c000 	/System/Library/Frameworks/SystemConfiguration.framework/Versions/A/SystemConfiguration
0x000000000b71c000 	/usr/lib/libCRFSuite.dylib
0x000000000b71c000 	/usr/lib/libc++.1.dylib
0x000000000b71c000 	/usr/lib/libc++abi.dylib
0x000000000b71c000 	/usr/lib/system/libcache.dylib
0x000000000b71c000 	/usr/lib/system/libcommonCrypto.dylib
0x000000000b71c000 	/usr/lib/system/libcompiler_rt.dylib
0x000000000b71c000 	/usr/lib/system/libcopyfile.dylib
0x000000000b71c000 	/usr/lib/system/libcorecrypto.dylib
0x000000000b71c000 	/usr/lib/system/libdispatch.dylib
0x000000000b71c000 	/usr/lib/system/libdyld.dylib
0x000000000b71c000 	/usr/lib/system/libkeymgr.dylib
0x000000000b71c000 	/usr/lib/system/liblaunch.dylib
0x000000000b71c000 	/usr/lib/system/libmacho.dylib
0x000000000b71c000 	/usr/lib/system/libquarantine.dylib
0x000000000b71c000 	/usr/lib/system/libremovefile.dylib
0x000000000b71c000 	/usr/lib/system/libsystem_asl.dylib
0x000000000b71c000 	/usr/lib/system/libsystem_blocks.dylib
0x000000000b71c000 	/usr/lib/system/libsystem_c.dylib
0x000000000b71c000 	/usr/lib/system/libsystem_configuration.dylib
0x000000000b71c000 	/usr/lib/system/libsystem_coreservices.dylib
0x000000000b71c000 	/usr/lib/system/libsystem_coretls.dylib
0x000000000b71c000 	/usr/lib/system/libsystem_dnssd.dylib
0x000000000b71c000 	/usr/lib/system/libsystem_info.dylib
0x000000000b71c000 	/usr/lib/system/libsystem_kernel.dylib
0x000000000b71c000 	/usr/lib/system/libsystem_m.dylib
0x000000000b71c000 	/usr/lib/system/libsystem_malloc.dylib
0x000000000b71c000 	/usr/lib/system/libsystem_network.dylib
0x000000000b71c000 	/usr/lib/system/libsystem_networkextension.dylib
0x000000000b71c000 	/usr/lib/system/libsystem_notify.dylib
0x000000000b71c000 	/usr/lib/system/libsystem_platform.dylib
0x000000000b71c000 	/usr/lib/system/libsystem_pthread.dylib
0x000000000b71c000 	/usr/lib/system/libsystem_sandbox.dylib
0x000000000b71c000 	/usr/lib/system/libsystem_secinit.dylib
0x000000000b71c000 	/usr/lib/system/libsystem_trace.dylib
0x000000000b71c000 	/usr/lib/system/libunc.dylib
0x000000000b71c000 	/usr/lib/system/libunwind.dylib
0x000000000b71c000 	/usr/lib/system/libxpc.dylib
0x000000000b71c000 	/usr/lib/libenergytrace.dylib
0x000000000b71c000 	/usr/lib/libbsm.0.dylib
0x000000000b71c000 	/usr/lib/system/libkxld.dylib
0x000000000b71c000 	/usr/lib/libxar.1.dylib
0x000000000b71c000 	/usr/lib/libsqlite3.dylib
0x000000000b71c000 	/usr/lib/libpam.2.dylib
0x000000000b71c000 	/usr/lib/libOpenScriptingUtil.dylib
0x000000000b71c000 	/usr/lib/libbz2.1.0.dylib
0x000000000b71c000 	/usr/lib/liblzma.5.dylib
0x000000000b71c000 	/System/Library/Frameworks/CoreServices.framework/Versions/A/Frameworks/FSEvents.framework/Versions/A/FSEvents
0x000000000b71c000 	/System/Library/Frameworks/CoreServices.framework/Versions/A/Frameworks/CarbonCore.framework/Versions/A/CarbonCore
0x000000000b71c000 	/System/Library/Frameworks/CoreServices.framework/Versions/A/Frameworks/Metadata.framework/Versions/A/Metadata
0x000000000b71c000 	/System/Library/Frameworks/CoreServices.framework/Versions/A/Frameworks/OSServices.framework/Versions/A/OSServices
0x000000000b71c000 	/System/Library/Frameworks/CoreServices.framework/Versions/A/Frameworks/SearchKit.framework/Versions/A/SearchKit
0x000000000b71c000 	/System/Library/Frameworks/CoreServices.framework/Versions/A/Frameworks/AE.framework/Versions/A/AE
0x000000000b71c000 	/System/Library/Frameworks/CoreServices.framework/Versions/A/Frameworks/LaunchServices.framework/Versions/A/LaunchServices
0x000000000b71c000 	/System/Library/Frameworks/CoreServices.framework/Versions/A/Frameworks/DictionaryServices.framework/Versions/A/DictionaryServices
0x000000000b71c000 	/System/Library/Frameworks/CoreServices.framework/Versions/A/Frameworks/SharedFileList.framework/Versions/A/SharedFileList
0x000000000b71c000 	/System/Library/Frameworks/NetFS.framework/Versions/A/NetFS
0x000000000b71c000 	/System/Library/PrivateFrameworks/NetAuth.framework/Versions/A/NetAuth
0x000000000b71c000 	/System/Library/PrivateFrameworks/login.framework/Versions/A/Frameworks/loginsupport.framework/Versions/A/loginsupport
0x000000000b71c000 	/System/Library/PrivateFrameworks/TCC.framework/Versions/A/TCC
0x000000000b71c000 	/usr/lib/libmecabra.dylib
0x000000000b71c000 	/System/Library/Frameworks/ApplicationServices.framework/Versions/A/Frameworks/ATS.framework/Versions/A/ATS
0x000000000b71c000 	/System/Library/Frameworks/ApplicationServices.framework/Versions/A/Frameworks/ColorSync.framework/Versions/A/ColorSync
0x000000000b71c000 	/System/Library/Frameworks/ApplicationServices.framework/Versions/A/Frameworks/HIServices.framework/Versions/A/HIServices
0x000000000b71c000 	/System/Library/Frameworks/ApplicationServices.framework/Versions/A/Frameworks/LangAnalysis.framework/Versions/A/LangAnalysis
0x000000000b71c000 	/System/Library/Frameworks/ApplicationServices.framework/Versions/A/Frameworks/PrintCore.framework/Versions/A/PrintCore
0x000000000b71c000 	/System/Library/Frameworks/ApplicationServices.framework/Versions/A/Frameworks/QD.framework/Versions/A/QD
0x000000000b71c000 	/System/Library/Frameworks/ApplicationServices.framework/Versions/A/Frameworks/SpeechSynthesis.framework/Versions/A/SpeechSynthesis
0x000000000b71c000 	/System/Library/Frameworks/Metal.framework/Versions/A/Metal
0x000000000b71c000 	/System/Library/Frameworks/Accelerate.framework/Versions/A/Frameworks/vImage.framework/Versions/A/vImage
0x000000000b71c000 	/System/Library/Frameworks/Accelerate.framework/Versions/A/Frameworks/vecLib.framework/Versions/A/vecLib
0x000000000b71c000 	/System/Library/Frameworks/Accelerate.framework/Versions/A/Frameworks/vecLib.framework/Versions/A/libvDSP.dylib
0x000000000b71c000 	/System/Library/Frameworks/Accelerate.framework/Versions/A/Frameworks/vecLib.framework/Versions/A/libvMisc.dylib
0x000000000b71c000 	/System/Library/Frameworks/Accelerate.framework/Versions/A/Frameworks/vecLib.framework/Versions/A/libLAPACK.dylib
0x000000000b71c000 	/System/Library/Frameworks/Accelerate.framework/Versions/A/Frameworks/vecLib.framework/Versions/A/libBLAS.dylib
0x000000000b71c000 	/System/Library/Frameworks/Accelerate.framework/Versions/A/Frameworks/vecLib.framework/Versions/A/libLinearAlgebra.dylib
0x000000000b71c000 	/System/Library/Frameworks/Accelerate.framework/Versions/A/Frameworks/vecLib.framework/Versions/A/libSparseBLAS.dylib
0x000000000b71c000 	/System/Library/PrivateFrameworks/GPUCompiler.framework/libmetal_timestamp.dylib
0x000000000b71c000 	/System/Library/Frameworks/OpenGL.framework/Versions/A/Libraries/libCoreFSCache.dylib
0x000000000b71c000 	/System/Library/PrivateFrameworks/IOAccelerator.framework/Versions/A/IOAccelerator
0x000000000b71c000 	/System/Library/Frameworks/ApplicationServices.framework/Versions/A/Frameworks/ATS.framework/Versions/A/Resources/libFontParser.dylib
0x000000000b71c000 	/System/Library/Frameworks/ApplicationServices.framework/Versions/A/Frameworks/ATS.framework/Versions/A/Resources/libFontRegistry.dylib
0x000000000b71c000 	/System/Library/PrivateFrameworks/AppleVPA.framework/Versions/A/AppleVPA
0x000000000b71c000 	/System/Library/PrivateFrameworks/AppleJPEG.framework/Versions/A/AppleJPEG
0x000000000b71c000 	/System/Library/Frameworks/ImageIO.framework/Versions/A/Resources/libJPEG.dylib
0x000000000b71c000 	/System/Library/Frameworks/ImageIO.framework/Versions/A/Resources/libTIFF.dylib
0x000000000b71c000 	/System/Library/Frameworks/ImageIO.framework/Versions/A/Resources/libPng.dylib
0x000000000b71c000 	/System/Library/Frameworks/ImageIO.framework/Versions/A/Resources/libGIF.dylib
0x000000000b71c000 	/System/Library/Frameworks/ImageIO.framework/Versions/A/Resources/libJP2.dylib
0x000000000b71c000 	/System/Library/Frameworks/ImageIO.framework/Versions/A/Resources/libRadiance.dylib
0x000000000b71c000 	/System/Library/Frameworks/CoreVideo.framework/Versions/A/CoreVideo
0x000000000b71c000 	/System/Library/Frameworks/OpenGL.framework/Versions/A/Libraries/libGLU.dylib
0x000000000b71c000 	/System/Library/Frameworks/OpenGL.framework/Versions/A/Libraries/libGFXShared.dylib
0x000000000b71c000 	/System/Library/Frameworks/OpenGL.framework/Versions/A/Libraries/libGL.dylib
0x000000000b71c000 	/System/Library/Frameworks/OpenGL.framework/Versions/A/Libraries/libGLImage.dylib
0x000000000b71c000 	/System/Library/Frameworks/OpenGL.framework/Versions/A/Libraries/libCVMSPluginSupport.dylib
0x000000000b71c000 	/System/Library/Frameworks/OpenGL.framework/Versions/A/Libraries/libCoreVMClient.dylib
0x000000000b71c000 	/usr/lib/libcups.2.dylib
0x000000000b71c000 	/System/Library/Frameworks/Kerberos.framework/Versions/A/Kerberos
0x000000000b71c000 	/System/Library/Frameworks/GSS.framework/Versions/A/GSS
0x000000000b71c000 	/usr/lib/libresolv.9.dylib
0x000000000b71c000 	/usr/lib/libiconv.2.dylib
0x000000000b71c000 	/System/Library/PrivateFrameworks/Heimdal.framework/Versions/A/Heimdal
0x000000000b71c000 	/usr/lib/libheimdal-asn1.dylib
0x000000000b71c000 	/System/Library/Frameworks/OpenDirectory.framework/Versions/A/OpenDirectory
0x000000000b71c000 	/System/Library/PrivateFrameworks/CommonAuth.framework/Versions/A/CommonAuth
0x000000000b71c000 	/System/Library/Frameworks/OpenDirectory.framework/Versions/A/Frameworks/CFOpenDirectory.framework/Versions/A/CFOpenDirectory
0x000000000b71c000 	/System/Library/Frameworks/SecurityFoundation.framework/Versions/A/SecurityFoundation
0x000000000b71c000 	/System/Library/PrivateFrameworks/LanguageModeling.framework/Versions/A/LanguageModeling
0x000000000b71c000 	/usr/lib/libmarisa.dylib
0x000000000b71c000 	/usr/lib/libChineseTokenizer.dylib
0x000000000b71c000 	/usr/lib/libcmph.dylib
0x000000000b71c000 	/usr/lib/libcompression.dylib
0x000000000b71c000 	/System/Library/Frameworks/ServiceManagement.framework/Versions/A/ServiceManagement
0x000000000b71c000 	/usr/lib/libxslt.1.dylib
0x000000000b71c000 	/System/Library/Frameworks/Carbon.framework/Versions/A/Frameworks/Ink.framework/Versions/A/Ink
0x000000000b71c000 	/usr/lib/libFosl_dynamic.dylib
0x000000000b71c000 	/System/Library/PrivateFrameworks/FaceCore.framework/Versions/A/FaceCore
0x000000000b71c000 	/System/Library/Frameworks/OpenCL.framework/Versions/A/OpenCL
0x000000000b71c000 	/System/Library/PrivateFrameworks/CrashReporterSupport.framework/Versions/A/CrashReporterSupport
0x000000000b71c000 	/System/Library/PrivateFrameworks/IconServices.framework/Versions/A/IconServices
0x000000000b71c000 	/System/Library/PrivateFrameworks/Apple80211.framework/Versions/A/Apple80211
0x000000000b71c000 	/System/Library/Frameworks/CoreWLAN.framework/Versions/A/CoreWLAN
0x000000000b71c000 	/System/Library/Frameworks/IOBluetooth.framework/Versions/A/IOBluetooth
0x000000000b71c000 	/System/Library/PrivateFrameworks/CoreWiFi.framework/Versions/A/CoreWiFi
0x000000000b71c000 	/System/Library/Frameworks/CoreBluetooth.framework/Versions/A/CoreBluetooth
0x000000000b71c000 	/System/Library/PrivateFrameworks/ChunkingLibrary.framework/Versions/A/ChunkingLibrary
0x000000000b71c000 	/System/Library/PrivateFrameworks/DebugSymbols.framework/Versions/A/DebugSymbols
0x000000000b71c000 	/System/Library/PrivateFrameworks/CoreSymbolication.framework/Versions/A/CoreSymbolication
0x000000000b71c000 	/System/Library/PrivateFrameworks/Symbolication.framework/Versions/A/Symbolication
0x000000000b71c000 	/System/Library/PrivateFrameworks/SpeechRecognitionCore.framework/Versions/A/SpeechRecognitionCore
0x000000010aa00000 	/Library/Java/JavaVirtualMachines/jdk1.8.0_45.jdk/Contents/Home/jre/lib/server/libjvm.dylib
0x000000000b71c000 	/usr/lib/libstdc++.6.dylib
0x000000010a0cb000 	/Library/Java/JavaVirtualMachines/jdk1.8.0_45.jdk/Contents/Home/jre/lib/libverify.dylib
0x000000010a0d9000 	/Library/Java/JavaVirtualMachines/jdk1.8.0_45.jdk/Contents/Home/jre/lib/libjava.dylib
0x000000010a10f000 	/Library/Java/JavaVirtualMachines/jdk1.8.0_45.jdk/Contents/Home/jre/lib/libinstrument.dylib
0x000000010a16d000 	/Library/Java/JavaVirtualMachines/jdk1.8.0_45.jdk/Contents/Home/jre/lib/libzip.dylib
0x000000010a1e5000 	/System/Library/Frameworks/JavaVM.framework/Frameworks/JavaRuntimeSupport.framework/JavaRuntimeSupport
0x000000011eccb000 	/System/Library/Frameworks/JavaVM.framework/Versions/A/Frameworks/JavaNativeFoundation.framework/Versions/A/JavaNativeFoundation
0x000000011ece0000 	/System/Library/Frameworks/JavaVM.framework/Versions/A/JavaVM
0x000000000b71c000 	/System/Library/Frameworks/Carbon.framework/Versions/A/Carbon
0x000000011eced000 	/System/Library/PrivateFrameworks/JavaLaunching.framework/Versions/A/JavaLaunching
0x000000000b71c000 	/System/Library/Frameworks/Carbon.framework/Versions/A/Frameworks/CommonPanels.framework/Versions/A/CommonPanels
0x000000000b71c000 	/System/Library/Frameworks/Carbon.framework/Versions/A/Frameworks/Help.framework/Versions/A/Help
0x000000000b71c000 	/System/Library/Frameworks/Carbon.framework/Versions/A/Frameworks/ImageCapture.framework/Versions/A/ImageCapture
0x000000000b71c000 	/System/Library/Frameworks/Carbon.framework/Versions/A/Frameworks/OpenScripting.framework/Versions/A/OpenScripting
0x000000000b71c000 	/System/Library/Frameworks/Carbon.framework/Versions/A/Frameworks/Print.framework/Versions/A/Print
0x000000000b71c000 	/System/Library/Frameworks/Carbon.framework/Versions/A/Frameworks/SecurityHI.framework/Versions/A/SecurityHI
0x00000001212a4000 	/Library/Java/JavaVirtualMachines/jdk1.8.0_45.jdk/Contents/Home/jre/lib/libnet.dylib
0x000000012132a000 	/Library/Java/JavaVirtualMachines/jdk1.8.0_45.jdk/Contents/Home/jre/lib/libmanagement.dylib
0x0000000121340000 	/Library/Java/JavaVirtualMachines/jdk1.8.0_45.jdk/Contents/Home/jre/lib/libsunec.dylib
0x0000000121780000 	/Volumes/FAT32/JavaPortableLauncher/plumbr/lib/mac/64/libplumbr.jnilib
0x0000000222072000 	/Library/Java/JavaVirtualMachines/jdk1.8.0_45.jdk/Contents/Home/jre/lib/libosx.dylib
0x0000000222080000 	/Library/Java/JavaVirtualMachines/jdk1.8.0_45.jdk/Contents/Home/jre/lib/./libosxapp.dylib
0x000000000b71c000 	/System/Library/Frameworks/ExceptionHandling.framework/Versions/A/ExceptionHandling
0x0000000222b30000 	/Library/Java/JavaVirtualMachines/jdk1.8.0_45.jdk/Contents/Home/jre/lib/libawt.dylib
0x0000000223972000 	/Library/Java/JavaVirtualMachines/jdk1.8.0_45.jdk/Contents/Home/jre/lib/./libmlib_image.dylib
0x0000000223a3e000 	/Library/Java/JavaVirtualMachines/jdk1.8.0_45.jdk/Contents/Home/jre/lib/libawt_lwawt.dylib
0x000000000b71c000 	/System/Library/PrivateFrameworks/CoreServicesInternal.framework/Versions/A/CoreServicesInternal
0x000000000b71c000 	/System/Library/Frameworks/CoreGraphics.framework/Versions/A/Resources/libRIP.A.dylib
0x000000000b71c000 	/System/Library/Frameworks/Accelerate.framework/Versions/A/Frameworks/vImage.framework/Versions/A/Libraries/libCGInterfaces.dylib
0x000000000b71c000 	/System/Library/Frameworks/CoreGraphics.framework/Versions/A/Resources/libCGXType.A.dylib
0x000000000b71c000 	/System/Library/Frameworks/OpenCL.framework/Versions/A/Libraries/libcldcpuengine.dylib
0x000000000b71c000 	/System/Library/PrivateFrameworks/DiskImages.framework/Versions/A/DiskImages
0x000000000b71c000 	/System/Library/Frameworks/DiscRecording.framework/Versions/A/DiscRecording
0x000000000b71c000 	/usr/lib/libcsfde.dylib
0x000000000b71c000 	/usr/lib/libcurl.4.dylib
0x000000000b71c000 	/System/Library/PrivateFrameworks/MediaKit.framework/Versions/A/MediaKit
0x000000000b71c000 	/System/Library/PrivateFrameworks/ProtectedCloudStorage.framework/Versions/A/ProtectedCloudStorage
0x000000000b71c000 	/usr/lib/libCoreStorage.dylib
0x000000000b71c000 	/System/Library/PrivateFrameworks/EFILogin.framework/Versions/A/EFILogin
0x000000000b71c000 	/usr/lib/libutil.dylib
0x000000000b71c000 	/System/Library/PrivateFrameworks/FindMyDevice.framework/Versions/A/FindMyDevice
0x000000000b71c000 	/System/Library/Frameworks/LDAP.framework/Versions/A/LDAP
0x000000000b71c000 	/usr/lib/libsasl2.2.dylib
0x000000000b71c000 	/System/Library/PrivateFrameworks/CoreDaemon.framework/Versions/B/CoreDaemon
0x000000000b71c000 	/usr/lib/libcrypto.0.9.8.dylib
0x000000000b71c000 	/System/Library/PrivateFrameworks/AppleSRP.framework/Versions/A/AppleSRP
0x000000000b71c000 	/System/Library/PrivateFrameworks/TrustEvaluationAgent.framework/Versions/A/TrustEvaluationAgent
0x00000002221fe000 	cl_kernels
0x000000000b71c000 	/System/Library/Frameworks/OpenCL.framework/Versions/A/Libraries/ImageFormats/unorm8_bgra.dylib
0x000000000b71c000 	/System/Library/Frameworks/OpenCL.framework/Versions/A/Libraries/ImageFormats/unorm8_rgba.dylib
0x000000000b71c000 	/System/Library/PrivateFrameworks/FamilyControls.framework/Versions/A/FamilyControls
0x000000000b71c000 	/System/Library/PrivateFrameworks/CommerceKit.framework/Versions/A/Frameworks/CommerceCore.framework/Versions/A/CommerceCore
0x000000000b71c000 	/System/Library/PrivateFrameworks/SystemAdministration.framework/Versions/A/SystemAdministration
0x000000000b71c000 	/System/Library/PrivateFrameworks/AppContainer.framework/Versions/A/AppContainer
0x000000000b71c000 	/System/Library/PrivateFrameworks/SecCodeWrapper.framework/Versions/A/SecCodeWrapper
0x000000000b71c000 	/System/Library/Frameworks/DirectoryService.framework/Versions/A/DirectoryService
0x000000000b71c000 	/System/Library/PrivateFrameworks/LoginUIKit.framework/Versions/A/Frameworks/LoginUICore.framework/Versions/A/LoginUICore
0x000000000b71c000 	/usr/lib/libodfde.dylib
0x0000000224476000 	/Library/Java/JavaVirtualMachines/jdk1.8.0_45.jdk/Contents/Home/jre/lib/libfontmanager.dylib
0x00000002222aa000 	/Library/Java/JavaVirtualMachines/jdk1.8.0_45.jdk/Contents/Home/jre/lib/libnio.dylib
0x000000000b71c000 	/System/Library/Frameworks/OpenGL.framework/Versions/A/Resources/GLEngine.bundle/GLEngine
0x000000000b71c000 	/System/Library/Frameworks/OpenGL.framework/Versions/A/Libraries/libGLProgrammability.dylib
0x00000002271f1000 	/System/Library/Extensions/AppleIntelHD5000GraphicsGLDriver.bundle/Contents/MacOS/AppleIntelHD5000GraphicsGLDriver
0x000000000b71c000 	/System/Library/PrivateFrameworks/GPUSupport.framework/Versions/A/Libraries/libGPUSupportMercury.dylib
0x000000000b71c000 	/System/Library/Frameworks/OpenGL.framework/Versions/A/Resources/GLRendererFloat.bundle/GLRendererFloat
0x00000002222be000 	/Library/Java/JavaVirtualMachines/jdk1.8.0_45.jdk/Contents/Home/jre/lib/libosxui.dylib
0x0000000228fbd000 	/System/Library/Extensions/AppleIntelHD5000GraphicsMTLDriver.bundle/Contents/MacOS/AppleIntelHD5000GraphicsMTLDriver

VM Arguments:
jvm_args: -javaagent:/Volumes/FAT32/JavaPortableLauncher/plumbr/plumbr.jar -Dfile.encoding=UTF-8 
java_command: Console.TBB_SQLBuilder -Xms125M -Xmx125M
java_class_path (initial): /Users/sebastianzeki/Documents/workspace/PhysiologyUpperGITotalExtractorv2/bin:/Users/sebastianzeki/Documents/jfreechart-1.0.19/jfreechart-1.0.19/lib/jcommon-1.0.23.jar:/Users/sebastianzeki/Documents/jfreechart-1.0.19/jfreechart-1.0.19/lib/jfreechart-1.0.19.jar:/Users/sebastianzeki/Documents/commons-io-2.4.jar:/Users/sebastianzeki/Documents/commons-lang3-3.4.jar:/Users/sebastianzeki/Documents/commons-math-2.2.jar:/Users/sebastianzeki/Documents/fontbox-1.8.5.jar:/Users/sebastianzeki/Documents/fontbox-1.8.12.jar:/Users/sebastianzeki/Documents/itext-rtf-2.1.7.jar:/Users/sebastianzeki/Documents/jodconverter-3.0-beta-1-javadoc.jar:/Users/sebastianzeki/Documents/pdfbox-1.8.12.jar:/Users/sebastianzeki/Documents/pdfbox-app-1.8.12.jar:/Users/sebastianzeki/Documents/rs2xml.jar:/Users/sebastianzeki/Documents/rtfkit_nosrc.jar:/Users/sebastianzeki/Documents/tika-app-1.12.jar:/Users/sebastianzeki/Documents/EclipseTBB/UCanAccess-3.0.4-bin/ucanaccess-3.0.4.jar:/Users/sebastianzeki/Documents/EclipseTBB/UCanAccess-3.0.4-bin/lib/commons-lang-2.6.jar:/Users/sebastianzeki/Documents/EclipseTBB/UCanAccess-3.0.4-bin/lib/commons-logging-1.1.1.jar:/Users/sebastianzeki/Documents/EclipseTBB/UCanAccess-3.0.4-bin/lib/hsqldb.jar:/Users/sebastianzeki/Documents/EclipseTBB/UCanAccess-3.0.4-bin/lib/jackcess-2.1.3.jar:/Users/sebastianzeki/Documents/docx4j-3.2.2.zip Folder/docx4j-3.2.2.jar:/Users/sebastianzeki/Documents/docx4j-3.2.2.zip Folder/dependencies/antlr-2.7.7.jar:/Users/sebastianzeki/Documents/docx4j-3.2.2.zip Folder/dependencies/antlr-runtime-3.3.jar:/Users/sebastianzeki/Documents/docx4j-3.2.2.zip Folder/dependencies/avalon-framework-api-4.3.1.jar:/Users/sebastianzeki/Documents/docx4j-3.2.2.zip Folder/dependencies/avalon-framework-impl-4.3.1.jar:/Users/sebastianzeki/Documents/docx4j-3.2.2.zip Folder/dependencies/batik-anim-1.7.jar:/Users/sebastianzeki/Documents/docx4j-3.2.2.zip Folder/dependencies/batik-awt-util-1.7.jar:/Users/sebastianzeki/Documents/docx4j-3.2.2.
Launcher Type: SUN_STANDARD

Environment Variables:
PATH=/usr/bin:/bin:/usr/sbin:/sbin
SHELL=/bin/bash
DISPLAY=/private/tmp/com.apple.launchd.h3wZo2wOKB/org.macosforge.xquartz:0

Signal Handlers:
SIGSEGV: [libjvm.dylib+0x58ef95], sa_mask[0]=11111111011111110111111111111111, sa_flags=SA_ONSTACK|SA_RESTART|SA_SIGINFO
SIGBUS: [libjvm.dylib+0x58ef95], sa_mask[0]=11111111011111110111111111111111, sa_flags=SA_RESTART|SA_SIGINFO
SIGFPE: [libjvm.dylib+0x46c108], sa_mask[0]=11111111011111110111111111111111, sa_flags=SA_RESTART|SA_SIGINFO
SIGPIPE: [libjvm.dylib+0x46c108], sa_mask[0]=11111111011111110111111111111111, sa_flags=SA_RESTART|SA_SIGINFO
SIGXFSZ: [libjvm.dylib+0x46c108], sa_mask[0]=11111111011111110111111111111111, sa_flags=SA_RESTART|SA_SIGINFO
SIGILL: [libjvm.dylib+0x46c108], sa_mask[0]=11111111011111110111111111111111, sa_flags=SA_RESTART|SA_SIGINFO
SIGUSR1: SIG_DFL, sa_mask[0]=00000000000000000000000000000000, sa_flags=none
SIGUSR2: [libjvm.dylib+0x46bc26], sa_mask[0]=00100000000000000000000000000000, sa_flags=SA_RESTART|SA_SIGINFO
SIGHUP: [libjvm.dylib+0x46a1f9], sa_mask[0]=11111111011111110111111111111111, sa_flags=SA_RESTART|SA_SIGINFO
SIGINT: [libjvm.dylib+0x46a1f9], sa_mask[0]=11111111011111110111111111111111, sa_flags=SA_RESTART|SA_SIGINFO
SIGTERM: [libjvm.dylib+0x46a1f9], sa_mask[0]=11111111011111110111111111111111, sa_flags=SA_RESTART|SA_SIGINFO
SIGQUIT: [libjvm.dylib+0x46a1f9], sa_mask[0]=11111111011111110111111111111111, sa_flags=SA_RESTART|SA_SIGINFO


---------------  S Y S T E M  ---------------

OS:Bsduname:Darwin 15.3.0 Darwin Kernel Version 15.3.0: Thu Dec 10 18:40:58 PST 2015; root:xnu-3248.30.4~1/RELEASE_X86_64 x86_64
rlimit: STACK 8192k, CORE 0k, NPROC 709, NOFILE 10240, AS infinity
load average:1.64 2.11 2.67

CPU:total 4 (2 cores per cpu, 2 threads per core) family 6 model 69 stepping 1, cmov, cx8, fxsr, mmx, sse, sse2, sse3, ssse3, sse4.1, sse4.2, popcnt, avx, avx2, aes, clmul, erms, lzcnt, ht, tsc, tscinvbit, bmi1, bmi2

Memory: 4k page, physical 4194304k(28764k free)

/proc/meminfo:


vm_info: Java HotSpot(TM) 64-Bit Server VM (25.45-b02) for bsd-amd64 JRE (1.8.0_45-b14), built on Apr 10 2015 10:46:38 by "java_re" with gcc 4.2.1 (Based on Apple Inc. build 5658) (LLVM build 2336.11.00)

time: Wed Oct  5 20:12:41 2016
elapsed time: 648 seconds (0d 0h 10m 48s)

